TN:
SF:src\services\vehicleService.js
FN:4,(anonymous_0)
FN:6,(anonymous_1)
FN:14,(anonymous_2)
FN:16,(anonymous_3)
FN:18,(anonymous_4)
FN:38,(anonymous_5)
FN:53,(anonymous_6)
FNF:7
FNH:7
FNDA:10,(anonymous_0)
FNDA:3,(anonymous_1)
FNDA:1,(anonymous_2)
FNDA:2,(anonymous_3)
FNDA:4,(anonymous_4)
FNDA:3,(anonymous_5)
FNDA:3,(anonymous_6)
DA:1,1
DA:2,1
DA:4,10
DA:6,3
DA:14,1
DA:16,2
DA:18,1
DA:19,4
DA:20,4
DA:22,4
DA:23,1
DA:24,1
DA:25,1
DA:28,3
DA:29,1
DA:30,1
DA:31,1
DA:34,2
DA:35,2
DA:38,1
DA:39,3
DA:40,1
DA:41,1
DA:42,1
DA:45,2
DA:46,1
DA:49,1
DA:50,1
DA:53,1
DA:54,3
DA:55,1
DA:56,1
DA:57,1
DA:60,2
DA:63,1
LF:35
LH:35
BRDA:19,0,0,3
BRDA:19,0,1,1
BRDA:20,1,0,4
BRDA:20,1,1,1
BRDA:22,2,0,1
BRDA:22,2,1,3
BRDA:28,3,0,1
BRDA:28,3,1,2
BRDA:39,4,0,1
BRDA:39,4,1,2
BRDA:45,5,0,1
BRDA:45,5,1,1
BRDA:54,6,0,1
BRDA:54,6,1,2
BRF:14
BRH:14
end_of_record
