{"/mnt/c/Users/VMI/Documents/-gestion-de-flotte-automobile/services/localisation-service/src/controllers/grpcController.js": {"path":"/mnt/c/Users/VMI/Documents/-gestion-de-flotte-automobile/services/localisation-service/src/controllers/grpcController.js","statementMap":{"0":{"start":{"line":10,"column":27},"end":{"line":10,"column":51}},"1":{"start":{"line":11,"column":28},"end":{"line":11,"column":70}},"2":{"start":{"line":25,"column":15},"end":{"line":25,"column":29}},"3":{"start":{"line":27,"column":2},"end":{"line":31,"column":6}},"4":{"start":{"line":33,"column":2},"end":{"line":62,"column":5}},"5":{"start":{"line":34,"column":4},"end":{"line":61,"column":5}},"6":{"start":{"line":35,"column":21},"end":{"line":35,"column":71}},"7":{"start":{"line":38,"column":6},"end":{"line":44,"column":9}},"8":{"start":{"line":47,"column":6},"end":{"line":52,"column":10}},"9":{"start":{"line":55,"column":6},"end":{"line":60,"column":9}},"10":{"start":{"line":64,"column":2},"end":{"line":71,"column":5}},"11":{"start":{"line":65,"column":4},"end":{"line":69,"column":8}},"12":{"start":{"line":70,"column":4},"end":{"line":70,"column":15}},"13":{"start":{"line":73,"column":2},"end":{"line":81,"column":5}},"14":{"start":{"line":75,"column":4},"end":{"line":80,"column":8}},"15":{"start":{"line":91,"column":42},"end":{"line":91,"column":54}},"16":{"start":{"line":93,"column":2},"end":{"line":100,"column":6}},"17":{"start":{"line":102,"column":2},"end":{"line":130,"column":3}},"18":{"start":{"line":103,"column":22},"end":{"line":103,"column":87}},"19":{"start":{"line":105,"column":4},"end":{"line":115,"column":5}},"20":{"start":{"line":106,"column":6},"end":{"line":114,"column":9}},"21":{"start":{"line":117,"column":4},"end":{"line":117,"column":15}},"22":{"start":{"line":120,"column":4},"end":{"line":125,"column":8}},"23":{"start":{"line":126,"column":4},"end":{"line":129,"column":7}},"24":{"start":{"line":140,"column":25},"end":{"line":140,"column":37}},"25":{"start":{"line":142,"column":2},"end":{"line":170,"column":3}},"26":{"start":{"line":143,"column":16},"end":{"line":143,"column":69}},"27":{"start":{"line":145,"column":4},"end":{"line":150,"column":5}},"28":{"start":{"line":146,"column":6},"end":{"line":149,"column":9}},"29":{"start":{"line":152,"column":4},"end":{"line":160,"column":7}},"30":{"start":{"line":163,"column":4},"end":{"line":168,"column":8}},"31":{"start":{"line":169,"column":4},"end":{"line":169,"column":67}},"32":{"start":{"line":179,"column":35},"end":{"line":179,"column":47}},"33":{"start":{"line":181,"column":2},"end":{"line":209,"column":3}},"34":{"start":{"line":182,"column":20},"end":{"line":182,"column":86}},"35":{"start":{"line":184,"column":4},"end":{"line":199,"column":7}},"36":{"start":{"line":202,"column":4},"end":{"line":207,"column":8}},"37":{"start":{"line":208,"column":4},"end":{"line":208,"column":67}},"38":{"start":{"line":212,"column":0},"end":{"line":217,"column":2}}},"fnMap":{"0":{"name":"streamGPSPosition","decl":{"start":{"line":24,"column":15},"end":{"line":24,"column":32}},"loc":{"start":{"line":24,"column":39},"end":{"line":82,"column":1}},"line":24},"1":{"name":"(anonymous_1)","decl":{"start":{"line":33,"column":18},"end":{"line":33,"column":19}},"loc":{"start":{"line":33,"column":37},"end":{"line":62,"column":3}},"line":33},"2":{"name":"(anonymous_2)","decl":{"start":{"line":64,"column":17},"end":{"line":64,"column":18}},"loc":{"start":{"line":64,"column":23},"end":{"line":71,"column":3}},"line":64},"3":{"name":"(anonymous_3)","decl":{"start":{"line":73,"column":19},"end":{"line":73,"column":20}},"loc":{"start":{"line":73,"column":28},"end":{"line":81,"column":3}},"line":73},"4":{"name":"getPositionHistory","decl":{"start":{"line":90,"column":15},"end":{"line":90,"column":33}},"loc":{"start":{"line":90,"column":40},"end":{"line":131,"column":1}},"line":90},"5":{"name":"getLastPosition","decl":{"start":{"line":139,"column":15},"end":{"line":139,"column":30}},"loc":{"start":{"line":139,"column":47},"end":{"line":171,"column":1}},"line":139},"6":{"name":"getPositionSummary","decl":{"start":{"line":178,"column":15},"end":{"line":178,"column":33}},"loc":{"start":{"line":178,"column":50},"end":{"line":210,"column":1}},"line":178}},"branchMap":{"0":{"loc":{"start":{"line":41,"column":24},"end":{"line":41,"column":43}},"type":"binary-expr","locations":[{"start":{"line":41,"column":24},"end":{"line":41,"column":37}},{"start":{"line":41,"column":41},"end":{"line":41,"column":43}}],"line":41},"1":{"loc":{"start":{"line":43,"column":24},"end":{"line":43,"column":52}},"type":"binary-expr","locations":[{"start":{"line":43,"column":24},"end":{"line":43,"column":46}},{"start":{"line":43,"column":50},"end":{"line":43,"column":52}}],"line":43},"2":{"loc":{"start":{"line":97,"column":16},"end":{"line":97,"column":63}},"type":"cond-expr","locations":[{"start":{"line":97,"column":23},"end":{"line":97,"column":51}},{"start":{"line":97,"column":54},"end":{"line":97,"column":63}}],"line":97},"3":{"loc":{"start":{"line":98,"column":16},"end":{"line":98,"column":59}},"type":"cond-expr","locations":[{"start":{"line":98,"column":23},"end":{"line":98,"column":49}},{"start":{"line":98,"column":54},"end":{"line":98,"column":59}}],"line":98},"4":{"loc":{"start":{"line":113,"column":24},"end":{"line":113,"column":47}},"type":"binary-expr","locations":[{"start":{"line":113,"column":24},"end":{"line":113,"column":41}},{"start":{"line":113,"column":45},"end":{"line":113,"column":47}}],"line":113},"5":{"loc":{"start":{"line":145,"column":4},"end":{"line":150,"column":5}},"type":"if","locations":[{"start":{"line":145,"column":4},"end":{"line":150,"column":5}},{"start":{},"end":{}}],"line":145},"6":{"loc":{"start":{"line":159,"column":22},"end":{"line":159,"column":45}},"type":"binary-expr","locations":[{"start":{"line":159,"column":22},"end":{"line":159,"column":39}},{"start":{"line":159,"column":43},"end":{"line":159,"column":45}}],"line":159},"7":{"loc":{"start":{"line":186,"column":25},"end":{"line":196,"column":14}},"type":"cond-expr","locations":[{"start":{"line":187,"column":10},"end":{"line":195,"column":11}},{"start":{"line":196,"column":10},"end":{"line":196,"column":14}}],"line":186},"8":{"loc":{"start":{"line":194,"column":28},"end":{"line":194,"column":68}},"type":"binary-expr","locations":[{"start":{"line":194,"column":28},"end":{"line":194,"column":62}},{"start":{"line":194,"column":66},"end":{"line":194,"column":68}}],"line":194}},"s":{"0":1,"1":1,"2":4,"3":4,"4":4,"5":15,"6":15,"7":15,"8":0,"9":0,"10":4,"11":4,"12":4,"13":4,"14":0,"15":1,"16":1,"17":1,"18":1,"19":1,"20":0,"21":1,"22":0,"23":0,"24":1,"25":1,"26":1,"27":1,"28":1,"29":0,"30":0,"31":0,"32":0,"33":0,"34":0,"35":0,"36":0,"37":0,"38":1},"f":{"0":4,"1":15,"2":4,"3":0,"4":1,"5":1,"6":0},"b":{"0":[15,12],"1":[15,5],"2":[1,0],"3":[1,0],"4":[0,0],"5":[1,0],"6":[0,0],"7":[0,0],"8":[0,0]},"_coverageSchema":"1a1c01bbd47fc00a2c39e90264f33305004495a9","hash":"147967a49661efc28dfa339d7a0c88af88f61a49"}
,"/mnt/c/Users/VMI/Documents/-gestion-de-flotte-automobile/services/localisation-service/src/models/Position.js": {"path":"/mnt/c/Users/VMI/Documents/-gestion-de-flotte-automobile/services/localisation-service/src/models/Position.js","statementMap":{"0":{"start":{"line":20,"column":4},"end":{"line":20,"column":35}},"1":{"start":{"line":21,"column":4},"end":{"line":21,"column":46}},"2":{"start":{"line":22,"column":4},"end":{"line":22,"column":47}},"3":{"start":{"line":23,"column":4},"end":{"line":23,"column":69}},"4":{"start":{"line":24,"column":4},"end":{"line":24,"column":69}},"5":{"start":{"line":25,"column":4},"end":{"line":25,"column":49}},"6":{"start":{"line":26,"column":4},"end":{"line":26,"column":45}},"7":{"start":{"line":34,"column":4},"end":{"line":40,"column":6}},"8":{"start":{"line":44,"column":0},"end":{"line":44,"column":26}}},"fnMap":{"0":{"name":"(anonymous_0)","decl":{"start":{"line":19,"column":2},"end":{"line":19,"column":3}},"loc":{"start":{"line":19,"column":92},"end":{"line":27,"column":3}},"line":19},"1":{"name":"(anonymous_1)","decl":{"start":{"line":33,"column":2},"end":{"line":33,"column":3}},"loc":{"start":{"line":33,"column":12},"end":{"line":41,"column":3}},"line":33}},"branchMap":{"0":{"loc":{"start":{"line":23,"column":25},"end":{"line":23,"column":68}},"type":"cond-expr","locations":[{"start":{"line":23,"column":45},"end":{"line":23,"column":62}},{"start":{"line":23,"column":67},"end":{"line":23,"column":68}}],"line":23},"1":{"loc":{"start":{"line":24,"column":25},"end":{"line":24,"column":68}},"type":"cond-expr","locations":[{"start":{"line":24,"column":45},"end":{"line":24,"column":64}},{"start":{"line":24,"column":67},"end":{"line":24,"column":68}}],"line":24},"2":{"loc":{"start":{"line":25,"column":25},"end":{"line":25,"column":48}},"type":"binary-expr","locations":[{"start":{"line":25,"column":25},"end":{"line":25,"column":34}},{"start":{"line":25,"column":38},"end":{"line":25,"column":48}}],"line":25},"3":{"loc":{"start":{"line":26,"column":25},"end":{"line":26,"column":44}},"type":"binary-expr","locations":[{"start":{"line":26,"column":25},"end":{"line":26,"column":38}},{"start":{"line":26,"column":42},"end":{"line":26,"column":44}}],"line":26},"4":{"loc":{"start":{"line":35,"column":6},"end":{"line":39,"column":53}},"type":"binary-expr","locations":[{"start":{"line":35,"column":6},"end":{"line":35,"column":40}},{"start":{"line":36,"column":6},"end":{"line":36,"column":34}},{"start":{"line":37,"column":6},"end":{"line":37,"column":27}},{"start":{"line":37,"column":32},"end":{"line":37,"column":52}},{"start":{"line":38,"column":6},"end":{"line":38,"column":28}},{"start":{"line":38,"column":32},"end":{"line":38,"column":53}},{"start":{"line":39,"column":6},"end":{"line":39,"column":25}},{"start":{"line":39,"column":32},"end":{"line":39,"column":53}}],"line":35}},"s":{"0":11,"1":11,"2":11,"3":11,"4":11,"5":11,"6":11,"7":7,"8":1},"f":{"0":11,"1":7},"b":{"0":[8,3],"1":[8,3],"2":[11,3],"3":[11,10],"4":[7,7,6,6,5,4,4,4]},"_coverageSchema":"1a1c01bbd47fc00a2c39e90264f33305004495a9","hash":"bd4d4ff21a40e37c5b57f8e1774c9a0008db5eba"}
,"/mnt/c/Users/VMI/Documents/-gestion-de-flotte-automobile/services/localisation-service/src/repositories/localisationRepository.js": {"path":"/mnt/c/Users/VMI/Documents/-gestion-de-flotte-automobile/services/localisation-service/src/repositories/localisationRepository.js","statementMap":{"0":{"start":{"line":9,"column":13},"end":{"line":9,"column":42}},"1":{"start":{"line":11,"column":15},"end":{"line":11,"column":37}},"2":{"start":{"line":20,"column":87},"end":{"line":20,"column":94}},"3":{"start":{"line":22,"column":2},"end":{"line":35,"column":4}},"4":{"start":{"line":52,"column":19},"end":{"line":52,"column":21}},"5":{"start":{"line":53,"column":21},"end":{"line":53,"column":23}},"6":{"start":{"line":56,"column":2},"end":{"line":58,"column":3}},"7":{"start":{"line":57,"column":4},"end":{"line":57,"column":63}},"8":{"start":{"line":61,"column":24},"end":{"line":61,"column":53}},"9":{"start":{"line":62,"column":24},"end":{"line":62,"column":42}},"10":{"start":{"line":63,"column":2},"end":{"line":63,"column":70}},"11":{"start":{"line":64,"column":2},"end":{"line":64,"column":68}},"12":{"start":{"line":66,"column":19},"end":{"line":66,"column":79}},"13":{"start":{"line":67,"column":19},"end":{"line":67,"column":66}},"14":{"start":{"line":69,"column":19},"end":{"line":76,"column":3}},"15":{"start":{"line":78,"column":2},"end":{"line":78,"column":32}},"16":{"start":{"line":87,"column":19},"end":{"line":94,"column":3}},"17":{"start":{"line":96,"column":2},"end":{"line":96,"column":56}},"18":{"start":{"line":107,"column":24},"end":{"line":107,"column":53}},"19":{"start":{"line":108,"column":24},"end":{"line":108,"column":42}},"20":{"start":{"line":110,"column":19},"end":{"line":125,"column":3}},"21":{"start":{"line":127,"column":2},"end":{"line":127,"column":14}},"22":{"start":{"line":137,"column":19},"end":{"line":141,"column":3}},"23":{"start":{"line":142,"column":2},"end":{"line":142,"column":14}},"24":{"start":{"line":149,"column":2},"end":{"line":153,"column":4}},"25":{"start":{"line":160,"column":2},"end":{"line":168,"column":4}},"26":{"start":{"line":171,"column":0},"end":{"line":178,"column":2}}},"fnMap":{"0":{"name":"savePosition","decl":{"start":{"line":19,"column":15},"end":{"line":19,"column":27}},"loc":{"start":{"line":19,"column":37},"end":{"line":36,"column":1}},"line":19},"1":{"name":"getHistory","decl":{"start":{"line":51,"column":15},"end":{"line":51,"column":25}},"loc":{"start":{"line":51,"column":60},"end":{"line":79,"column":1}},"line":51},"2":{"name":"getLastPosition","decl":{"start":{"line":86,"column":15},"end":{"line":86,"column":30}},"loc":{"start":{"line":86,"column":42},"end":{"line":97,"column":1}},"line":86},"3":{"name":"getHourlyAverage","decl":{"start":{"line":106,"column":15},"end":{"line":106,"column":31}},"loc":{"start":{"line":106,"column":53},"end":{"line":128,"column":1}},"line":106},"4":{"name":"getActiveZones","decl":{"start":{"line":136,"column":15},"end":{"line":136,"column":29}},"loc":{"start":{"line":136,"column":32},"end":{"line":143,"column":1}},"line":136},"5":{"name":"saveGeoAlert","decl":{"start":{"line":148,"column":15},"end":{"line":148,"column":27}},"loc":{"start":{"line":148,"column":74},"end":{"line":154,"column":1}},"line":148},"6":{"name":"rowToGpsData","decl":{"start":{"line":159,"column":9},"end":{"line":159,"column":21}},"loc":{"start":{"line":159,"column":27},"end":{"line":169,"column":1}},"line":159}},"branchMap":{"0":{"loc":{"start":{"line":31,"column":6},"end":{"line":31,"column":22}},"type":"binary-expr","locations":[{"start":{"line":31,"column":6},"end":{"line":31,"column":11}},{"start":{"line":31,"column":18},"end":{"line":31,"column":22}}],"line":31},"1":{"loc":{"start":{"line":32,"column":6},"end":{"line":32,"column":22}},"type":"binary-expr","locations":[{"start":{"line":32,"column":6},"end":{"line":32,"column":13}},{"start":{"line":32,"column":18},"end":{"line":32,"column":22}}],"line":32},"2":{"loc":{"start":{"line":33,"column":6},"end":{"line":33,"column":27}},"type":"binary-expr","locations":[{"start":{"line":33,"column":6},"end":{"line":33,"column":19}},{"start":{"line":33,"column":23},"end":{"line":33,"column":27}}],"line":33},"3":{"loc":{"start":{"line":51,"column":47},"end":{"line":51,"column":58}},"type":"default-arg","locations":[{"start":{"line":51,"column":55},"end":{"line":51,"column":58}}],"line":51},"4":{"loc":{"start":{"line":56,"column":2},"end":{"line":58,"column":3}},"type":"if","locations":[{"start":{"line":56,"column":2},"end":{"line":58,"column":3}},{"start":{},"end":{}}],"line":56},"5":{"loc":{"start":{"line":56,"column":6},"end":{"line":56,"column":51}},"type":"binary-expr","locations":[{"start":{"line":56,"column":6},"end":{"line":56,"column":24}},{"start":{"line":56,"column":28},"end":{"line":56,"column":51}}],"line":56},"6":{"loc":{"start":{"line":61,"column":24},"end":{"line":61,"column":53}},"type":"binary-expr","locations":[{"start":{"line":61,"column":24},"end":{"line":61,"column":28}},{"start":{"line":61,"column":32},"end":{"line":61,"column":53}}],"line":61},"7":{"loc":{"start":{"line":62,"column":24},"end":{"line":62,"column":42}},"type":"binary-expr","locations":[{"start":{"line":62,"column":24},"end":{"line":62,"column":26}},{"start":{"line":62,"column":32},"end":{"line":62,"column":42}}],"line":62},"8":{"loc":{"start":{"line":66,"column":19},"end":{"line":66,"column":79}},"type":"cond-expr","locations":[{"start":{"line":66,"column":39},"end":{"line":66,"column":74}},{"start":{"line":66,"column":77},"end":{"line":66,"column":79}}],"line":66},"9":{"loc":{"start":{"line":67,"column":19},"end":{"line":67,"column":66}},"type":"cond-expr","locations":[{"start":{"line":67,"column":31},"end":{"line":67,"column":61}},{"start":{"line":67,"column":64},"end":{"line":67,"column":66}}],"line":67},"10":{"loc":{"start":{"line":96,"column":9},"end":{"line":96,"column":55}},"type":"cond-expr","locations":[{"start":{"line":96,"column":27},"end":{"line":96,"column":48}},{"start":{"line":96,"column":51},"end":{"line":96,"column":55}}],"line":96},"11":{"loc":{"start":{"line":107,"column":24},"end":{"line":107,"column":53}},"type":"binary-expr","locations":[{"start":{"line":107,"column":24},"end":{"line":107,"column":28}},{"start":{"line":107,"column":32},"end":{"line":107,"column":53}}],"line":107},"12":{"loc":{"start":{"line":108,"column":24},"end":{"line":108,"column":42}},"type":"binary-expr","locations":[{"start":{"line":108,"column":24},"end":{"line":108,"column":26}},{"start":{"line":108,"column":32},"end":{"line":108,"column":42}}],"line":108},"13":{"loc":{"start":{"line":164,"column":19},"end":{"line":164,"column":60}},"type":"cond-expr","locations":[{"start":{"line":164,"column":33},"end":{"line":164,"column":54}},{"start":{"line":164,"column":59},"end":{"line":164,"column":60}}],"line":164},"14":{"loc":{"start":{"line":165,"column":19},"end":{"line":165,"column":60}},"type":"cond-expr","locations":[{"start":{"line":165,"column":33},"end":{"line":165,"column":56}},{"start":{"line":165,"column":59},"end":{"line":165,"column":60}}],"line":165},"15":{"loc":{"start":{"line":167,"column":19},"end":{"line":167,"column":43}},"type":"binary-expr","locations":[{"start":{"line":167,"column":19},"end":{"line":167,"column":37}},{"start":{"line":167,"column":41},"end":{"line":167,"column":43}}],"line":167}},"s":{"0":1,"1":1,"2":4,"3":4,"4":5,"5":5,"6":5,"7":4,"8":5,"9":5,"10":5,"11":5,"12":5,"13":5,"14":5,"15":5,"16":3,"17":3,"18":0,"19":0,"20":0,"21":0,"22":0,"23":0,"24":1,"25":2,"26":1},"f":{"0":4,"1":5,"2":3,"3":0,"4":0,"5":1,"6":2},"b":{"0":[4,1],"1":[4,1],"2":[4,1],"3":[0],"4":[4,1],"5":[5,4],"6":[5,0],"7":[5,0],"8":[5,0],"9":[4,1],"10":[1,2],"11":[0,0],"12":[0,0],"13":[2,0],"14":[2,0],"15":[2,0]},"_coverageSchema":"1a1c01bbd47fc00a2c39e90264f33305004495a9","hash":"7fac2ce3212eb180fcc24d9fba43ca661f71abf6"}
,"/mnt/c/Users/VMI/Documents/-gestion-de-flotte-automobile/services/localisation-service/src/services/geoFencingService.js": {"path":"/mnt/c/Users/VMI/Documents/-gestion-de-flotte-automobile/services/localisation-service/src/services/geoFencingService.js","statementMap":{"0":{"start":{"line":13,"column":22},"end":{"line":13,"column":71}},"1":{"start":{"line":14,"column":22},"end":{"line":14,"column":50}},"2":{"start":{"line":18,"column":23},"end":{"line":18,"column":25}},"3":{"start":{"line":19,"column":23},"end":{"line":19,"column":24}},"4":{"start":{"line":20,"column":23},"end":{"line":20,"column":36}},"5":{"start":{"line":26,"column":25},"end":{"line":26,"column":34}},"6":{"start":{"line":31,"column":21},"end":{"line":31,"column":30}},"7":{"start":{"line":36,"column":14},"end":{"line":36,"column":24}},"8":{"start":{"line":37,"column":2},"end":{"line":53,"column":3}},"9":{"start":{"line":38,"column":4},"end":{"line":52,"column":5}},"10":{"start":{"line":39,"column":6},"end":{"line":39,"column":53}},"11":{"start":{"line":40,"column":6},"end":{"line":40,"column":28}},"12":{"start":{"line":41,"column":6},"end":{"line":44,"column":10}},"13":{"start":{"line":47,"column":6},"end":{"line":51,"column":10}},"14":{"start":{"line":79,"column":15},"end":{"line":79,"column":31}},"15":{"start":{"line":80,"column":15},"end":{"line":80,"column":20}},"16":{"start":{"line":82,"column":2},"end":{"line":93,"column":3}},"17":{"start":{"line":82,"column":15},"end":{"line":82,"column":16}},"18":{"start":{"line":82,"column":22},"end":{"line":82,"column":37}},"19":{"start":{"line":83,"column":21},"end":{"line":83,"column":28}},"20":{"start":{"line":84,"column":21},"end":{"line":84,"column":28}},"21":{"start":{"line":89,"column":6},"end":{"line":90,"column":53}},"22":{"start":{"line":92,"column":4},"end":{"line":92,"column":36}},"23":{"start":{"line":92,"column":19},"end":{"line":92,"column":36}},"24":{"start":{"line":95,"column":2},"end":{"line":95,"column":16}},"25":{"start":{"line":113,"column":24},"end":{"line":113,"column":31}},"26":{"start":{"line":114,"column":15},"end":{"line":114,"column":63}},"27":{"start":{"line":115,"column":15},"end":{"line":115,"column":65}},"28":{"start":{"line":115,"column":31},"end":{"line":115,"column":64}},"29":{"start":{"line":117,"column":2},"end":{"line":117,"column":52}},"30":{"start":{"line":118,"column":2},"end":{"line":118,"column":14}},"31":{"start":{"line":122,"column":2},"end":{"line":122,"column":31}},"32":{"start":{"line":123,"column":2},"end":{"line":123,"column":38}},"33":{"start":{"line":123,"column":31},"end":{"line":123,"column":38}},"34":{"start":{"line":125,"column":56},"end":{"line":125,"column":63}},"35":{"start":{"line":128,"column":23},"end":{"line":128,"column":32}},"36":{"start":{"line":129,"column":2},"end":{"line":133,"column":3}},"37":{"start":{"line":130,"column":4},"end":{"line":132,"column":5}},"38":{"start":{"line":131,"column":6},"end":{"line":131,"column":32}},"39":{"start":{"line":136,"column":24},"end":{"line":136,"column":68}},"40":{"start":{"line":139,"column":2},"end":{"line":144,"column":3}},"41":{"start":{"line":140,"column":4},"end":{"line":143,"column":5}},"42":{"start":{"line":141,"column":19},"end":{"line":141,"column":58}},"43":{"start":{"line":141,"column":42},"end":{"line":141,"column":57}},"44":{"start":{"line":142,"column":6},"end":{"line":142,"column":94}},"45":{"start":{"line":142,"column":16},"end":{"line":142,"column":94}},"46":{"start":{"line":147,"column":2},"end":{"line":152,"column":3}},"47":{"start":{"line":148,"column":4},"end":{"line":151,"column":5}},"48":{"start":{"line":149,"column":19},"end":{"line":149,"column":58}},"49":{"start":{"line":149,"column":42},"end":{"line":149,"column":57}},"50":{"start":{"line":150,"column":6},"end":{"line":150,"column":95}},"51":{"start":{"line":150,"column":16},"end":{"line":150,"column":95}},"52":{"start":{"line":155,"column":2},"end":{"line":155,"column":48}},"53":{"start":{"line":161,"column":16},"end":{"line":169,"column":3}},"54":{"start":{"line":173,"column":4},"end":{"line":174,"column":56}},"55":{"start":{"line":176,"column":2},"end":{"line":184,"column":6}},"56":{"start":{"line":187,"column":2},"end":{"line":190,"column":5}},"57":{"start":{"line":197,"column":2},"end":{"line":197,"column":26}},"58":{"start":{"line":198,"column":2},"end":{"line":198,"column":46}},"59":{"start":{"line":203,"column":2},"end":{"line":203,"column":27}},"60":{"start":{"line":204,"column":2},"end":{"line":204,"column":23}},"61":{"start":{"line":207,"column":0},"end":{"line":212,"column":2}}},"fnMap":{"0":{"name":"refreshZonesIfNeeded","decl":{"start":{"line":35,"column":15},"end":{"line":35,"column":35}},"loc":{"start":{"line":35,"column":38},"end":{"line":54,"column":1}},"line":35},"1":{"name":"pointInPolygon","decl":{"start":{"line":76,"column":9},"end":{"line":76,"column":23}},"loc":{"start":{"line":76,"column":49},"end":{"line":96,"column":1}},"line":76},"2":{"name":"checkZoneCrossing","decl":{"start":{"line":112,"column":9},"end":{"line":112,"column":26}},"loc":{"start":{"line":112,"column":36},"end":{"line":119,"column":1}},"line":112},"3":{"name":"(anonymous_3)","decl":{"start":{"line":115,"column":25},"end":{"line":115,"column":26}},"loc":{"start":{"line":115,"column":31},"end":{"line":115,"column":64}},"line":115},"4":{"name":"(anonymous_4)","decl":{"start":{"line":117,"column":41},"end":{"line":117,"column":42}},"loc":{"start":{"line":117,"column":47},"end":{"line":117,"column":49}},"line":117},"5":{"name":"_checkZoneCrossingSerial","decl":{"start":{"line":121,"column":15},"end":{"line":121,"column":39}},"loc":{"start":{"line":121,"column":49},"end":{"line":156,"column":1}},"line":121},"6":{"name":"(anonymous_6)","decl":{"start":{"line":141,"column":35},"end":{"line":141,"column":36}},"loc":{"start":{"line":141,"column":42},"end":{"line":141,"column":57}},"line":141},"7":{"name":"(anonymous_7)","decl":{"start":{"line":149,"column":35},"end":{"line":149,"column":36}},"loc":{"start":{"line":149,"column":42},"end":{"line":149,"column":57}},"line":149},"8":{"name":"emitAlert","decl":{"start":{"line":160,"column":15},"end":{"line":160,"column":24}},"loc":{"start":{"line":160,"column":80},"end":{"line":191,"column":1}},"line":160},"9":{"name":"_setZonesForTest","decl":{"start":{"line":196,"column":9},"end":{"line":196,"column":25}},"loc":{"start":{"line":196,"column":33},"end":{"line":199,"column":1}},"line":196},"10":{"name":"_resetVehicleStateForTest","decl":{"start":{"line":202,"column":9},"end":{"line":202,"column":34}},"loc":{"start":{"line":202,"column":37},"end":{"line":205,"column":1}},"line":202}},"branchMap":{"0":{"loc":{"start":{"line":37,"column":2},"end":{"line":53,"column":3}},"type":"if","locations":[{"start":{"line":37,"column":2},"end":{"line":53,"column":3}},{"start":{},"end":{}}],"line":37},"1":{"loc":{"start":{"line":89,"column":6},"end":{"line":90,"column":53}},"type":"binary-expr","locations":[{"start":{"line":89,"column":6},"end":{"line":89,"column":31}},{"start":{"line":90,"column":6},"end":{"line":90,"column":53}}],"line":89},"2":{"loc":{"start":{"line":92,"column":4},"end":{"line":92,"column":36}},"type":"if","locations":[{"start":{"line":92,"column":4},"end":{"line":92,"column":36}},{"start":{},"end":{}}],"line":92},"3":{"loc":{"start":{"line":114,"column":15},"end":{"line":114,"column":63}},"type":"binary-expr","locations":[{"start":{"line":114,"column":15},"end":{"line":114,"column":42}},{"start":{"line":114,"column":46},"end":{"line":114,"column":63}}],"line":114},"4":{"loc":{"start":{"line":123,"column":2},"end":{"line":123,"column":38}},"type":"if","locations":[{"start":{"line":123,"column":2},"end":{"line":123,"column":38}},{"start":{},"end":{}}],"line":123},"5":{"loc":{"start":{"line":130,"column":4},"end":{"line":132,"column":5}},"type":"if","locations":[{"start":{"line":130,"column":4},"end":{"line":132,"column":5}},{"start":{},"end":{}}],"line":130},"6":{"loc":{"start":{"line":136,"column":24},"end":{"line":136,"column":68}},"type":"binary-expr","locations":[{"start":{"line":136,"column":24},"end":{"line":136,"column":55}},{"start":{"line":136,"column":59},"end":{"line":136,"column":68}}],"line":136},"7":{"loc":{"start":{"line":140,"column":4},"end":{"line":143,"column":5}},"type":"if","locations":[{"start":{"line":140,"column":4},"end":{"line":143,"column":5}},{"start":{},"end":{}}],"line":140},"8":{"loc":{"start":{"line":142,"column":6},"end":{"line":142,"column":94}},"type":"if","locations":[{"start":{"line":142,"column":6},"end":{"line":142,"column":94}},{"start":{},"end":{}}],"line":142},"9":{"loc":{"start":{"line":148,"column":4},"end":{"line":151,"column":5}},"type":"if","locations":[{"start":{"line":148,"column":4},"end":{"line":151,"column":5}},{"start":{},"end":{}}],"line":148},"10":{"loc":{"start":{"line":150,"column":6},"end":{"line":150,"column":95}},"type":"if","locations":[{"start":{"line":150,"column":6},"end":{"line":150,"column":95}},{"start":{},"end":{}}],"line":150},"11":{"loc":{"start":{"line":168,"column":15},"end":{"line":168,"column":38}},"type":"binary-expr","locations":[{"start":{"line":168,"column":15},"end":{"line":168,"column":24}},{"start":{"line":168,"column":28},"end":{"line":168,"column":38}}],"line":168},"12":{"loc":{"start":{"line":173,"column":4},"end":{"line":174,"column":56}},"type":"binary-expr","locations":[{"start":{"line":173,"column":5},"end":{"line":173,"column":25}},{"start":{"line":173,"column":30},"end":{"line":173,"column":56}},{"start":{"line":174,"column":5},"end":{"line":174,"column":26}},{"start":{"line":174,"column":30},"end":{"line":174,"column":55}}],"line":173},"13":{"loc":{"start":{"line":177,"column":15},"end":{"line":177,"column":43}},"type":"cond-expr","locations":[{"start":{"line":177,"column":28},"end":{"line":177,"column":34}},{"start":{"line":177,"column":37},"end":{"line":177,"column":43}}],"line":177}},"s":{"0":2,"1":2,"2":2,"3":2,"4":2,"5":2,"6":2,"7":22,"8":22,"9":1,"10":1,"11":1,"12":1,"13":0,"14":16,"15":16,"16":16,"17":16,"18":16,"19":80,"20":80,"21":80,"22":80,"23":12,"24":16,"25":22,"26":22,"27":22,"28":22,"29":22,"30":22,"31":22,"32":22,"33":13,"34":9,"35":9,"36":9,"37":9,"38":7,"39":9,"40":9,"41":2,"42":1,"43":1,"44":1,"45":1,"46":9,"47":7,"48":6,"49":6,"50":6,"51":6,"52":9,"53":7,"54":7,"55":7,"56":7,"57":7,"58":7,"59":7,"60":7,"61":2},"f":{"0":22,"1":16,"2":22,"3":22,"4":0,"5":22,"6":1,"7":6,"8":7,"9":7,"10":7},"b":{"0":[1,21],"1":[80,26],"2":[12,68],"3":[22,10],"4":[13,9],"5":[7,2],"6":[9,7],"7":[1,1],"8":[1,0],"9":[6,1],"10":[6,0],"11":[7,0],"12":[7,1,6,6],"13":[2,5]},"_coverageSchema":"1a1c01bbd47fc00a2c39e90264f33305004495a9","hash":"f4a2a36a38a929cc6183c6433de4463dcfbc6078"}
,"/mnt/c/Users/VMI/Documents/-gestion-de-flotte-automobile/services/localisation-service/src/services/gpsDataProcessor.js": {"path":"/mnt/c/Users/VMI/Documents/-gestion-de-flotte-automobile/services/localisation-service/src/services/gpsDataProcessor.js","statementMap":{"0":{"start":{"line":11,"column":24},"end":{"line":11,"column":27}},"1":{"start":{"line":14,"column":24},"end":{"line":14,"column":28}},"2":{"start":{"line":27,"column":87},"end":{"line":27,"column":94}},"3":{"start":{"line":30,"column":2},"end":{"line":32,"column":3}},"4":{"start":{"line":31,"column":4},"end":{"line":31,"column":70}},"5":{"start":{"line":35,"column":2},"end":{"line":37,"column":3}},"6":{"start":{"line":36,"column":4},"end":{"line":36,"column":91}},"7":{"start":{"line":38,"column":2},"end":{"line":40,"column":3}},"8":{"start":{"line":39,"column":4},"end":{"line":39,"column":95}},"9":{"start":{"line":46,"column":2},"end":{"line":51,"column":3}},"10":{"start":{"line":47,"column":4},"end":{"line":50,"column":6}},"11":{"start":{"line":54,"column":13},"end":{"line":54,"column":36}},"12":{"start":{"line":55,"column":2},"end":{"line":57,"column":3}},"13":{"start":{"line":56,"column":4},"end":{"line":56,"column":72}},"14":{"start":{"line":60,"column":2},"end":{"line":71,"column":4}},"15":{"start":{"line":96,"column":16},"end":{"line":96,"column":46}},"16":{"start":{"line":96,"column":25},"end":{"line":96,"column":46}},"17":{"start":{"line":98,"column":15},"end":{"line":98,"column":33}},"18":{"start":{"line":99,"column":15},"end":{"line":99,"column":33}},"19":{"start":{"line":102,"column":4},"end":{"line":103,"column":75}},"20":{"start":{"line":106,"column":12},"end":{"line":106,"column":58}},"21":{"start":{"line":108,"column":2},"end":{"line":108,"column":29}},"22":{"start":{"line":111,"column":0},"end":{"line":111,"column":63}}},"fnMap":{"0":{"name":"process","decl":{"start":{"line":26,"column":9},"end":{"line":26,"column":16}},"loc":{"start":{"line":26,"column":26},"end":{"line":72,"column":1}},"line":26},"1":{"name":"haversineDistance","decl":{"start":{"line":95,"column":9},"end":{"line":95,"column":26}},"loc":{"start":{"line":95,"column":51},"end":{"line":109,"column":1}},"line":95},"2":{"name":"(anonymous_2)","decl":{"start":{"line":96,"column":16},"end":{"line":96,"column":17}},"loc":{"start":{"line":96,"column":25},"end":{"line":96,"column":46}},"line":96}},"branchMap":{"0":{"loc":{"start":{"line":30,"column":2},"end":{"line":32,"column":3}},"type":"if","locations":[{"start":{"line":30,"column":2},"end":{"line":32,"column":3}},{"start":{},"end":{}}],"line":30},"1":{"loc":{"start":{"line":30,"column":6},"end":{"line":30,"column":76}},"type":"binary-expr","locations":[{"start":{"line":30,"column":6},"end":{"line":30,"column":16}},{"start":{"line":30,"column":20},"end":{"line":30,"column":49}},{"start":{"line":30,"column":53},"end":{"line":30,"column":76}}],"line":30},"2":{"loc":{"start":{"line":35,"column":2},"end":{"line":37,"column":3}},"type":"if","locations":[{"start":{"line":35,"column":2},"end":{"line":37,"column":3}},{"start":{},"end":{}}],"line":35},"3":{"loc":{"start":{"line":35,"column":6},"end":{"line":35,"column":88}},"type":"binary-expr","locations":[{"start":{"line":35,"column":6},"end":{"line":35,"column":34}},{"start":{"line":35,"column":38},"end":{"line":35,"column":53}},{"start":{"line":35,"column":57},"end":{"line":35,"column":71}},{"start":{"line":35,"column":75},"end":{"line":35,"column":88}}],"line":35},"4":{"loc":{"start":{"line":38,"column":2},"end":{"line":40,"column":3}},"type":"if","locations":[{"start":{"line":38,"column":2},"end":{"line":40,"column":3}},{"start":{},"end":{}}],"line":38},"5":{"loc":{"start":{"line":38,"column":6},"end":{"line":38,"column":94}},"type":"binary-expr","locations":[{"start":{"line":38,"column":6},"end":{"line":38,"column":35}},{"start":{"line":38,"column":39},"end":{"line":38,"column":55}},{"start":{"line":38,"column":59},"end":{"line":38,"column":75}},{"start":{"line":38,"column":79},"end":{"line":38,"column":94}}],"line":38},"6":{"loc":{"start":{"line":46,"column":2},"end":{"line":51,"column":3}},"type":"if","locations":[{"start":{"line":46,"column":2},"end":{"line":51,"column":3}},{"start":{},"end":{}}],"line":46},"7":{"loc":{"start":{"line":46,"column":6},"end":{"line":46,"column":88}},"type":"binary-expr","locations":[{"start":{"line":46,"column":6},"end":{"line":46,"column":19}},{"start":{"line":46,"column":24},"end":{"line":46,"column":49}},{"start":{"line":46,"column":53},"end":{"line":46,"column":74}},{"start":{"line":46,"column":78},"end":{"line":46,"column":87}}],"line":46},"8":{"loc":{"start":{"line":54,"column":13},"end":{"line":54,"column":36}},"type":"binary-expr","locations":[{"start":{"line":54,"column":13},"end":{"line":54,"column":22}},{"start":{"line":54,"column":26},"end":{"line":54,"column":36}}],"line":54},"9":{"loc":{"start":{"line":55,"column":2},"end":{"line":57,"column":3}},"type":"if","locations":[{"start":{"line":55,"column":2},"end":{"line":57,"column":3}},{"start":{},"end":{}}],"line":55},"10":{"loc":{"start":{"line":55,"column":6},"end":{"line":55,"column":52}},"type":"binary-expr","locations":[{"start":{"line":55,"column":6},"end":{"line":55,"column":28}},{"start":{"line":55,"column":32},"end":{"line":55,"column":41}},{"start":{"line":55,"column":45},"end":{"line":55,"column":52}}],"line":55},"11":{"loc":{"start":{"line":66,"column":21},"end":{"line":66,"column":33}},"type":"binary-expr","locations":[{"start":{"line":66,"column":21},"end":{"line":66,"column":26}},{"start":{"line":66,"column":32},"end":{"line":66,"column":33}}],"line":66},"12":{"loc":{"start":{"line":67,"column":21},"end":{"line":67,"column":33}},"type":"binary-expr","locations":[{"start":{"line":67,"column":21},"end":{"line":67,"column":28}},{"start":{"line":67,"column":32},"end":{"line":67,"column":33}}],"line":67},"13":{"loc":{"start":{"line":69,"column":21},"end":{"line":69,"column":40}},"type":"binary-expr","locations":[{"start":{"line":69,"column":21},"end":{"line":69,"column":34}},{"start":{"line":69,"column":38},"end":{"line":69,"column":40}}],"line":69}},"s":{"0":3,"1":3,"2":42,"3":42,"4":3,"5":39,"6":5,"7":34,"8":3,"9":31,"10":5,"11":26,"12":26,"13":0,"14":26,"15":8,"16":32,"17":8,"18":8,"19":8,"20":8,"21":8,"22":3},"f":{"0":42,"1":8,"2":32},"b":{"0":[3,39],"1":[42,40,40],"2":[5,34],"3":[39,39,38,37],"4":[3,31],"5":[34,34,34,33],"6":[5,26],"7":[31,28,28,24],"8":[26,1],"9":[0,26],"10":[26,26,26],"11":[26,3],"12":[26,3],"13":[26,8]},"_coverageSchema":"1a1c01bbd47fc00a2c39e90264f33305004495a9","hash":"19a19f63f935e4c429e61e03c5b0f16a2d4a3260"}
,"/mnt/c/Users/VMI/Documents/-gestion-de-flotte-automobile/services/localisation-service/src/services/localisationService.js": {"path":"/mnt/c/Users/VMI/Documents/-gestion-de-flotte-automobile/services/localisation-service/src/services/localisationService.js","statementMap":{"0":{"start":{"line":10,"column":25},"end":{"line":10,"column":42}},"1":{"start":{"line":11,"column":25},"end":{"line":11,"column":54}},"2":{"start":{"line":12,"column":25},"end":{"line":12,"column":55}},"3":{"start":{"line":13,"column":25},"end":{"line":13,"column":74}},"4":{"start":{"line":24,"column":24},"end":{"line":24,"column":93}},"5":{"start":{"line":28,"column":21},"end":{"line":36,"column":3}},"6":{"start":{"line":38,"column":17},"end":{"line":38,"column":49}},"7":{"start":{"line":40,"column":2},"end":{"line":49,"column":3}},"8":{"start":{"line":41,"column":4},"end":{"line":47,"column":8}},"9":{"start":{"line":48,"column":4},"end":{"line":48,"column":54}},"10":{"start":{"line":51,"column":19},"end":{"line":51,"column":25}},"11":{"start":{"line":54,"column":2},"end":{"line":66,"column":3}},"12":{"start":{"line":55,"column":4},"end":{"line":55,"column":40}},"13":{"start":{"line":59,"column":4},"end":{"line":65,"column":8}},"14":{"start":{"line":71,"column":2},"end":{"line":78,"column":5}},"15":{"start":{"line":72,"column":4},"end":{"line":77,"column":8}},"16":{"start":{"line":80,"column":2},"end":{"line":80,"column":34}},"17":{"start":{"line":89,"column":2},"end":{"line":89,"column":59}},"18":{"start":{"line":96,"column":2},"end":{"line":96,"column":47}},"19":{"start":{"line":107,"column":37},"end":{"line":110,"column":4}},"20":{"start":{"line":112,"column":25},"end":{"line":115,"column":3}},"21":{"start":{"line":113,"column":18},"end":{"line":113,"column":52}},"22":{"start":{"line":118,"column":24},"end":{"line":118,"column":25}},"23":{"start":{"line":119,"column":2},"end":{"line":126,"column":3}},"24":{"start":{"line":119,"column":15},"end":{"line":119,"column":16}},"25":{"start":{"line":120,"column":17},"end":{"line":120,"column":34}},"26":{"start":{"line":121,"column":17},"end":{"line":121,"column":30}},"27":{"start":{"line":122,"column":4},"end":{"line":125,"column":6}},"28":{"start":{"line":128,"column":2},"end":{"line":134,"column":4}},"29":{"start":{"line":137,"column":0},"end":{"line":137,"column":86}}},"fnMap":{"0":{"name":"processGPSFrame","decl":{"start":{"line":23,"column":15},"end":{"line":23,"column":30}},"loc":{"start":{"line":23,"column":43},"end":{"line":81,"column":1}},"line":23},"1":{"name":"(anonymous_1)","decl":{"start":{"line":71,"column":43},"end":{"line":71,"column":44}},"loc":{"start":{"line":71,"column":52},"end":{"line":78,"column":3}},"line":71},"2":{"name":"getHistory","decl":{"start":{"line":88,"column":15},"end":{"line":88,"column":25}},"loc":{"start":{"line":88,"column":54},"end":{"line":90,"column":1}},"line":88},"3":{"name":"getLastPosition","decl":{"start":{"line":95,"column":15},"end":{"line":95,"column":30}},"loc":{"start":{"line":95,"column":42},"end":{"line":97,"column":1}},"line":95},"4":{"name":"getPositionSummary","decl":{"start":{"line":106,"column":15},"end":{"line":106,"column":33}},"loc":{"start":{"line":106,"column":55},"end":{"line":135,"column":1}},"line":106},"5":{"name":"(anonymous_5)","decl":{"start":{"line":113,"column":4},"end":{"line":113,"column":5}},"loc":{"start":{"line":113,"column":18},"end":{"line":113,"column":52}},"line":113}},"branchMap":{"0":{"loc":{"start":{"line":24,"column":24},"end":{"line":24,"column":93}},"type":"binary-expr","locations":[{"start":{"line":24,"column":24},"end":{"line":24,"column":48}},{"start":{"line":24,"column":52},"end":{"line":24,"column":77}},{"start":{"line":24,"column":81},"end":{"line":24,"column":93}}],"line":24},"1":{"loc":{"start":{"line":29,"column":19},"end":{"line":29,"column":67}},"type":"binary-expr","locations":[{"start":{"line":29,"column":19},"end":{"line":29,"column":39}},{"start":{"line":29,"column":46},"end":{"line":29,"column":67}}],"line":29},"2":{"loc":{"start":{"line":40,"column":2},"end":{"line":49,"column":3}},"type":"if","locations":[{"start":{"line":40,"column":2},"end":{"line":49,"column":3}},{"start":{},"end":{}}],"line":40},"3":{"loc":{"start":{"line":113,"column":33},"end":{"line":113,"column":47}},"type":"binary-expr","locations":[{"start":{"line":113,"column":33},"end":{"line":113,"column":42}},{"start":{"line":113,"column":46},"end":{"line":113,"column":47}}],"line":113}},"s":{"0":2,"1":2,"2":2,"3":2,"4":25,"5":25,"6":25,"7":25,"8":7,"9":7,"10":18,"11":18,"12":18,"13":1,"14":18,"15":0,"16":18,"17":3,"18":3,"19":2,"20":2,"21":2,"22":2,"23":2,"24":2,"25":1,"26":1,"27":1,"28":2,"29":2},"f":{"0":25,"1":0,"2":3,"3":3,"4":2,"5":2},"b":{"0":[25,25,15],"1":[25,25],"2":[7,18],"3":[2,0]},"_coverageSchema":"1a1c01bbd47fc00a2c39e90264f33305004495a9","hash":"9378ae978a25b34b766f7dd949449a5db8808400"}
}
