TN:
SF:src/controllers/grpcController.js
FN:24,streamGPSPosition
FN:33,(anonymous_1)
FN:64,(anonymous_2)
FN:73,(anonymous_3)
FN:90,getPositionHistory
FN:139,getLastPosition
FN:178,getPositionSummary
FNF:7
FNH:5
FNDA:4,streamGPSPosition
FNDA:15,(anonymous_1)
FNDA:4,(anonymous_2)
FNDA:0,(anonymous_3)
FNDA:1,getPositionHistory
FNDA:1,getLastPosition
FNDA:0,getPositionSummary
DA:10,1
DA:11,1
DA:25,4
DA:27,4
DA:33,4
DA:34,15
DA:35,15
DA:38,15
DA:47,0
DA:55,0
DA:64,4
DA:65,4
DA:70,4
DA:73,4
DA:75,0
DA:91,1
DA:93,1
DA:102,1
DA:103,1
DA:105,1
DA:106,0
DA:117,1
DA:120,0
DA:126,0
DA:140,1
DA:142,1
DA:143,1
DA:145,1
DA:146,1
DA:152,0
DA:163,0
DA:169,0
DA:179,0
DA:181,0
DA:182,0
DA:184,0
DA:202,0
DA:208,0
DA:212,1
LF:39
LH:24
BRDA:41,0,0,15
BRDA:41,0,1,12
BRDA:43,1,0,15
BRDA:43,1,1,5
BRDA:97,2,0,1
BRDA:97,2,1,0
BRDA:98,3,0,1
BRDA:98,3,1,0
BRDA:113,4,0,0
BRDA:113,4,1,0
BRDA:145,5,0,1
BRDA:145,5,1,0
BRDA:159,6,0,0
BRDA:159,6,1,0
BRDA:186,7,0,0
BRDA:186,7,1,0
BRDA:194,8,0,0
BRDA:194,8,1,0
BRF:18
BRH:7
end_of_record
TN:
SF:src/models/Position.js
FN:19,(anonymous_0)
FN:33,(anonymous_1)
FNF:2
FNH:2
FNDA:11,(anonymous_0)
FNDA:7,(anonymous_1)
DA:20,11
DA:21,11
DA:22,11
DA:23,11
DA:24,11
DA:25,11
DA:26,11
DA:34,7
DA:44,1
LF:9
LH:9
BRDA:23,0,0,8
BRDA:23,0,1,3
BRDA:24,1,0,8
BRDA:24,1,1,3
BRDA:25,2,0,11
BRDA:25,2,1,3
BRDA:26,3,0,11
BRDA:26,3,1,10
BRDA:35,4,0,7
BRDA:35,4,1,7
BRDA:35,4,2,6
BRDA:35,4,3,6
BRDA:35,4,4,5
BRDA:35,4,5,4
BRDA:35,4,6,4
BRDA:35,4,7,4
BRF:16
BRH:16
end_of_record
TN:
SF:src/repositories/localisationRepository.js
FN:19,savePosition
FN:51,getHistory
FN:86,getLastPosition
FN:106,getHourlyAverage
FN:136,getActiveZones
FN:148,saveGeoAlert
FN:159,rowToGpsData
FNF:7
FNH:5
FNDA:4,savePosition
FNDA:5,getHistory
FNDA:3,getLastPosition
FNDA:0,getHourlyAverage
FNDA:0,getActiveZones
FNDA:1,saveGeoAlert
FNDA:2,rowToGpsData
DA:9,1
DA:11,1
DA:20,4
DA:22,4
DA:52,5
DA:53,5
DA:56,5
DA:57,4
DA:61,5
DA:62,5
DA:63,5
DA:64,5
DA:66,5
DA:67,5
DA:69,5
DA:78,5
DA:87,3
DA:96,3
DA:107,0
DA:108,0
DA:110,0
DA:127,0
DA:137,0
DA:142,0
DA:149,1
DA:160,2
DA:171,1
LF:27
LH:21
BRDA:31,0,0,4
BRDA:31,0,1,1
BRDA:32,1,0,4
BRDA:32,1,1,1
BRDA:33,2,0,4
BRDA:33,2,1,1
BRDA:51,3,0,0
BRDA:56,4,0,4
BRDA:56,4,1,1
BRDA:56,5,0,5
BRDA:56,5,1,4
BRDA:61,6,0,5
BRDA:61,6,1,0
BRDA:62,7,0,5
BRDA:62,7,1,0
BRDA:66,8,0,5
BRDA:66,8,1,0
BRDA:67,9,0,4
BRDA:67,9,1,1
BRDA:96,10,0,1
BRDA:96,10,1,2
BRDA:107,11,0,0
BRDA:107,11,1,0
BRDA:108,12,0,0
BRDA:108,12,1,0
BRDA:164,13,0,2
BRDA:164,13,1,0
BRDA:165,14,0,2
BRDA:165,14,1,0
BRDA:167,15,0,2
BRDA:167,15,1,0
BRF:31
BRH:20
end_of_record
TN:
SF:src/services/geoFencingService.js
FN:35,refreshZonesIfNeeded
FN:76,pointInPolygon
FN:112,checkZoneCrossing
FN:115,(anonymous_3)
FN:117,(anonymous_4)
FN:121,_checkZoneCrossingSerial
FN:141,(anonymous_6)
FN:149,(anonymous_7)
FN:160,emitAlert
FN:196,_setZonesForTest
FN:202,_resetVehicleStateForTest
FNF:11
FNH:10
FNDA:22,refreshZonesIfNeeded
FNDA:16,pointInPolygon
FNDA:22,checkZoneCrossing
FNDA:22,(anonymous_3)
FNDA:0,(anonymous_4)
FNDA:22,_checkZoneCrossingSerial
FNDA:1,(anonymous_6)
FNDA:6,(anonymous_7)
FNDA:7,emitAlert
FNDA:7,_setZonesForTest
FNDA:7,_resetVehicleStateForTest
DA:13,2
DA:14,2
DA:18,2
DA:19,2
DA:20,2
DA:26,2
DA:31,2
DA:36,22
DA:37,22
DA:38,1
DA:39,1
DA:40,1
DA:41,1
DA:47,0
DA:79,16
DA:80,16
DA:82,16
DA:83,80
DA:84,80
DA:89,80
DA:92,80
DA:95,16
DA:113,22
DA:114,22
DA:115,22
DA:117,22
DA:118,22
DA:122,22
DA:123,22
DA:125,9
DA:128,9
DA:129,9
DA:130,9
DA:131,7
DA:136,9
DA:139,9
DA:140,2
DA:141,1
DA:142,1
DA:147,9
DA:148,7
DA:149,6
DA:150,6
DA:155,9
DA:161,7
DA:173,7
DA:176,7
DA:187,7
DA:197,7
DA:198,7
DA:203,7
DA:204,7
DA:207,2
LF:53
LH:52
BRDA:37,0,0,1
BRDA:37,0,1,21
BRDA:89,1,0,80
BRDA:89,1,1,26
BRDA:92,2,0,12
BRDA:92,2,1,68
BRDA:114,3,0,22
BRDA:114,3,1,10
BRDA:123,4,0,13
BRDA:123,4,1,9
BRDA:130,5,0,7
BRDA:130,5,1,2
BRDA:136,6,0,9
BRDA:136,6,1,7
BRDA:140,7,0,1
BRDA:140,7,1,1
BRDA:142,8,0,1
BRDA:142,8,1,0
BRDA:148,9,0,6
BRDA:148,9,1,1
BRDA:150,10,0,6
BRDA:150,10,1,0
BRDA:168,11,0,7
BRDA:168,11,1,0
BRDA:173,12,0,7
BRDA:173,12,1,1
BRDA:173,12,2,6
BRDA:173,12,3,6
BRDA:177,13,0,2
BRDA:177,13,1,5
BRF:30
BRH:27
end_of_record
TN:
SF:src/services/gpsDataProcessor.js
FN:26,process
FN:95,haversineDistance
FN:96,(anonymous_2)
FNF:3
FNH:3
FNDA:42,process
FNDA:8,haversineDistance
FNDA:32,(anonymous_2)
DA:11,3
DA:14,3
DA:27,42
DA:30,42
DA:31,3
DA:35,39
DA:36,5
DA:38,34
DA:39,3
DA:46,31
DA:47,5
DA:54,26
DA:55,26
DA:56,0
DA:60,26
DA:96,32
DA:98,8
DA:99,8
DA:102,8
DA:106,8
DA:108,8
DA:111,3
LF:22
LH:21
BRDA:30,0,0,3
BRDA:30,0,1,39
BRDA:30,1,0,42
BRDA:30,1,1,40
BRDA:30,1,2,40
BRDA:35,2,0,5
BRDA:35,2,1,34
BRDA:35,3,0,39
BRDA:35,3,1,39
BRDA:35,3,2,38
BRDA:35,3,3,37
BRDA:38,4,0,3
BRDA:38,4,1,31
BRDA:38,5,0,34
BRDA:38,5,1,34
BRDA:38,5,2,34
BRDA:38,5,3,33
BRDA:46,6,0,5
BRDA:46,6,1,26
BRDA:46,7,0,31
BRDA:46,7,1,28
BRDA:46,7,2,28
BRDA:46,7,3,24
BRDA:54,8,0,26
BRDA:54,8,1,1
BRDA:55,9,0,0
BRDA:55,9,1,26
BRDA:55,10,0,26
BRDA:55,10,1,26
BRDA:55,10,2,26
BRDA:66,11,0,26
BRDA:66,11,1,3
BRDA:67,12,0,26
BRDA:67,12,1,3
BRDA:69,13,0,26
BRDA:69,13,1,8
BRF:36
BRH:35
end_of_record
TN:
SF:src/services/localisationService.js
FN:23,processGPSFrame
FN:71,(anonymous_1)
FN:88,getHistory
FN:95,getLastPosition
FN:106,getPositionSummary
FN:113,(anonymous_5)
FNF:6
FNH:5
FNDA:25,processGPSFrame
FNDA:0,(anonymous_1)
FNDA:3,getHistory
FNDA:3,getLastPosition
FNDA:2,getPositionSummary
FNDA:2,(anonymous_5)
DA:10,2
DA:11,2
DA:12,2
DA:13,2
DA:24,25
DA:28,25
DA:38,25
DA:40,25
DA:41,7
DA:48,7
DA:51,18
DA:54,18
DA:55,18
DA:59,1
DA:71,18
DA:72,0
DA:80,18
DA:89,3
DA:96,3
DA:107,2
DA:112,2
DA:113,2
DA:118,2
DA:119,2
DA:120,1
DA:121,1
DA:122,1
DA:128,2
DA:137,2
LF:29
LH:28
BRDA:24,0,0,25
BRDA:24,0,1,25
BRDA:24,0,2,15
BRDA:29,1,0,25
BRDA:29,1,1,25
BRDA:40,2,0,7
BRDA:40,2,1,18
BRDA:113,3,0,2
BRDA:113,3,1,0
BRF:9
BRH:8
end_of_record
