{"C:\\Users\\VMI\\Desktop\\gestion-flotte\\services\\maintenance-service\\src\\app.js": {"path":"C:\\Users\\VMI\\Desktop\\gestion-flotte\\services\\maintenance-service\\src\\app.js","statementMap":{"0":{"start":{"line":1,"column":0},"end":{"line":1,"column":27}},"1":{"start":{"line":3,"column":16},"end":{"line":3,"column":34}},"2":{"start":{"line":4,"column":13},"end":{"line":4,"column":28}},"3":{"start":{"line":5,"column":30},"end":{"line":5,"column":76}},"4":{"start":{"line":11,"column":4},"end":{"line":11,"column":49}},"5":{"start":{"line":12,"column":36},"end":{"line":12,"column":74}},"6":{"start":{"line":13,"column":37},"end":{"line":13,"column":64}},"7":{"start":{"line":15,"column":12},"end":{"line":15,"column":21}},"8":{"start":{"line":16,"column":13},"end":{"line":16,"column":49}},"9":{"start":{"line":19,"column":0},"end":{"line":19,"column":24}},"10":{"start":{"line":20,"column":0},"end":{"line":20,"column":16}},"11":{"start":{"line":23,"column":0},"end":{"line":23,"column":103}},"12":{"start":{"line":23,"column":27},"end":{"line":23,"column":101}},"13":{"start":{"line":24,"column":0},"end":{"line":24,"column":73}},"14":{"start":{"line":24,"column":33},"end":{"line":24,"column":71}},"15":{"start":{"line":25,"column":0},"end":{"line":25,"column":75}},"16":{"start":{"line":25,"column":32},"end":{"line":25,"column":73}},"17":{"start":{"line":28,"column":19},"end":{"line":28,"column":56}},"18":{"start":{"line":29,"column":20},"end":{"line":29,"column":43}},"19":{"start":{"line":32,"column":0},"end":{"line":32,"column":39}},"20":{"start":{"line":33,"column":0},"end":{"line":33,"column":35}},"21":{"start":{"line":36,"column":0},"end":{"line":36,"column":90}},"22":{"start":{"line":37,"column":0},"end":{"line":37,"column":122}},"23":{"start":{"line":38,"column":0},"end":{"line":38,"column":120}},"24":{"start":{"line":39,"column":0},"end":{"line":39,"column":148}},"25":{"start":{"line":40,"column":0},"end":{"line":40,"column":123}},"26":{"start":{"line":43,"column":0},"end":{"line":43,"column":127}},"27":{"start":{"line":44,"column":0},"end":{"line":44,"column":158}},"28":{"start":{"line":47,"column":0},"end":{"line":47,"column":138}},"29":{"start":{"line":50,"column":0},"end":{"line":50,"column":76}},"30":{"start":{"line":50,"column":22},"end":{"line":50,"column":74}},"31":{"start":{"line":53,"column":0},"end":{"line":56,"column":3}},"32":{"start":{"line":54,"column":17},"end":{"line":54,"column":34}},"33":{"start":{"line":55,"column":2},"end":{"line":55,"column":79}},"34":{"start":{"line":59,"column":0},"end":{"line":67,"column":3}},"35":{"start":{"line":60,"column":2},"end":{"line":60,"column":65}},"36":{"start":{"line":61,"column":2},"end":{"line":66,"column":3}},"37":{"start":{"line":62,"column":4},"end":{"line":62,"column":37}},"38":{"start":{"line":63,"column":4},"end":{"line":63,"column":57}},"39":{"start":{"line":65,"column":4},"end":{"line":65,"column":69}},"40":{"start":{"line":69,"column":0},"end":{"line":69,"column":21}}},"fnMap":{"0":{"name":"(anonymous_0)","decl":{"start":{"line":23,"column":13},"end":{"line":23,"column":14}},"loc":{"start":{"line":23,"column":27},"end":{"line":23,"column":101}},"line":23},"1":{"name":"(anonymous_1)","decl":{"start":{"line":24,"column":19},"end":{"line":24,"column":20}},"loc":{"start":{"line":24,"column":33},"end":{"line":24,"column":71}},"line":24},"2":{"name":"(anonymous_2)","decl":{"start":{"line":25,"column":18},"end":{"line":25,"column":19}},"loc":{"start":{"line":25,"column":32},"end":{"line":25,"column":73}},"line":25},"3":{"name":"(anonymous_3)","decl":{"start":{"line":50,"column":8},"end":{"line":50,"column":9}},"loc":{"start":{"line":50,"column":22},"end":{"line":50,"column":74}},"line":50},"4":{"name":"(anonymous_4)","decl":{"start":{"line":53,"column":8},"end":{"line":53,"column":9}},"loc":{"start":{"line":53,"column":33},"end":{"line":56,"column":1}},"line":53},"5":{"name":"(anonymous_5)","decl":{"start":{"line":59,"column":17},"end":{"line":59,"column":18}},"loc":{"start":{"line":59,"column":29},"end":{"line":67,"column":1}},"line":59}},"branchMap":{"0":{"loc":{"start":{"line":16,"column":20},"end":{"line":16,"column":48}},"type":"binary-expr","locations":[{"start":{"line":16,"column":20},"end":{"line":16,"column":40}},{"start":{"line":16,"column":44},"end":{"line":16,"column":48}}],"line":16},"1":{"loc":{"start":{"line":54,"column":17},"end":{"line":54,"column":34}},"type":"binary-expr","locations":[{"start":{"line":54,"column":17},"end":{"line":54,"column":27}},{"start":{"line":54,"column":31},"end":{"line":54,"column":34}}],"line":54},"2":{"loc":{"start":{"line":55,"column":37},"end":{"line":55,"column":75}},"type":"binary-expr","locations":[{"start":{"line":55,"column":37},"end":{"line":55,"column":48}},{"start":{"line":55,"column":52},"end":{"line":55,"column":75}}],"line":55}},"s":{"0":0,"1":0,"2":0,"3":0,"4":0,"5":0,"6":0,"7":0,"8":0,"9":0,"10":0,"11":0,"12":0,"13":0,"14":0,"15":0,"16":0,"17":0,"18":0,"19":0,"20":0,"21":0,"22":0,"23":0,"24":0,"25":0,"26":0,"27":0,"28":0,"29":0,"30":0,"31":0,"32":0,"33":0,"34":0,"35":0,"36":0,"37":0,"38":0,"39":0,"40":0},"f":{"0":0,"1":0,"2":0,"3":0,"4":0,"5":0},"b":{"0":[0,0],"1":[0,0],"2":[0,0]}}
,"C:\\Users\\VMI\\Desktop\\gestion-flotte\\services\\maintenance-service\\src\\config\\db.js": {"path":"C:\\Users\\VMI\\Desktop\\gestion-flotte\\services\\maintenance-service\\src\\config\\db.js","statementMap":{},"fnMap":{},"branchMap":{},"s":{},"f":{},"b":{},"_coverageSchema":"1a1c01bbd47fc00a2c39e90264f33305004495a9","hash":"b724c7e508f9b0d9ac4d6236bf6f228eb48e09eb"}
,"C:\\Users\\VMI\\Desktop\\gestion-flotte\\services\\maintenance-service\\src\\controllers\\maintenanceController.js": {"path":"C:\\Users\\VMI\\Desktop\\gestion-flotte\\services\\maintenance-service\\src\\controllers\\maintenanceController.js","statementMap":{"0":{"start":{"line":1,"column":27},"end":{"line":1,"column":68}},"1":{"start":{"line":3,"column":24},"end":{"line":15,"column":1}},"2":{"start":{"line":4,"column":2},"end":{"line":14,"column":3}},"3":{"start":{"line":5,"column":51},"end":{"line":5,"column":60}},"4":{"start":{"line":6,"column":25},"end":{"line":10,"column":6}},"5":{"start":{"line":11,"column":4},"end":{"line":11,"column":39}},"6":{"start":{"line":13,"column":4},"end":{"line":13,"column":16}},"7":{"start":{"line":17,"column":27},"end":{"line":29,"column":1}},"8":{"start":{"line":18,"column":2},"end":{"line":28,"column":3}},"9":{"start":{"line":19,"column":24},"end":{"line":19,"column":82}},"10":{"start":{"line":21,"column":4},"end":{"line":23,"column":5}},"11":{"start":{"line":22,"column":6},"end":{"line":22,"column":72}},"12":{"start":{"line":25,"column":4},"end":{"line":25,"column":45}},"13":{"start":{"line":27,"column":4},"end":{"line":27,"column":23}},"14":{"start":{"line":31,"column":26},"end":{"line":38,"column":1}},"15":{"start":{"line":32,"column":2},"end":{"line":37,"column":3}},"16":{"start":{"line":33,"column":24},"end":{"line":33,"column":76}},"17":{"start":{"line":34,"column":4},"end":{"line":34,"column":38}},"18":{"start":{"line":36,"column":4},"end":{"line":36,"column":16}},"19":{"start":{"line":40,"column":26},"end":{"line":52,"column":1}},"20":{"start":{"line":41,"column":2},"end":{"line":51,"column":3}},"21":{"start":{"line":42,"column":24},"end":{"line":42,"column":91}},"22":{"start":{"line":44,"column":4},"end":{"line":46,"column":5}},"23":{"start":{"line":45,"column":6},"end":{"line":45,"column":72}},"24":{"start":{"line":48,"column":4},"end":{"line":48,"column":45}},"25":{"start":{"line":50,"column":4},"end":{"line":50,"column":23}},"26":{"start":{"line":54,"column":26},"end":{"line":66,"column":1}},"27":{"start":{"line":55,"column":2},"end":{"line":65,"column":3}},"28":{"start":{"line":56,"column":20},"end":{"line":56,"column":77}},"29":{"start":{"line":58,"column":4},"end":{"line":60,"column":5}},"30":{"start":{"line":59,"column":6},"end":{"line":59,"column":72}},"31":{"start":{"line":62,"column":4},"end":{"line":62,"column":34}},"32":{"start":{"line":64,"column":4},"end":{"line":64,"column":23}},"33":{"start":{"line":68,"column":25},"end":{"line":80,"column":1}},"34":{"start":{"line":69,"column":2},"end":{"line":79,"column":3}},"35":{"start":{"line":70,"column":24},"end":{"line":70,"column":80}},"36":{"start":{"line":72,"column":4},"end":{"line":74,"column":5}},"37":{"start":{"line":73,"column":6},"end":{"line":73,"column":72}},"38":{"start":{"line":76,"column":4},"end":{"line":76,"column":45}},"39":{"start":{"line":78,"column":4},"end":{"line":78,"column":23}},"40":{"start":{"line":82,"column":28},"end":{"line":94,"column":1}},"41":{"start":{"line":83,"column":2},"end":{"line":93,"column":3}},"42":{"start":{"line":84,"column":24},"end":{"line":84,"column":93}},"43":{"start":{"line":86,"column":4},"end":{"line":88,"column":5}},"44":{"start":{"line":87,"column":6},"end":{"line":87,"column":72}},"45":{"start":{"line":90,"column":4},"end":{"line":90,"column":45}},"46":{"start":{"line":92,"column":4},"end":{"line":92,"column":23}},"47":{"start":{"line":96,"column":33},"end":{"line":103,"column":1}},"48":{"start":{"line":97,"column":2},"end":{"line":102,"column":3}},"49":{"start":{"line":98,"column":25},"end":{"line":98,"column":96}},"50":{"start":{"line":99,"column":4},"end":{"line":99,"column":46}},"51":{"start":{"line":101,"column":4},"end":{"line":101,"column":23}},"52":{"start":{"line":105,"column":0},"end":{"line":114,"column":2}}},"fnMap":{"0":{"name":"(anonymous_0)","decl":{"start":{"line":3,"column":24},"end":{"line":3,"column":25}},"loc":{"start":{"line":3,"column":50},"end":{"line":15,"column":1}},"line":3},"1":{"name":"(anonymous_1)","decl":{"start":{"line":17,"column":27},"end":{"line":17,"column":28}},"loc":{"start":{"line":17,"column":53},"end":{"line":29,"column":1}},"line":17},"2":{"name":"(anonymous_2)","decl":{"start":{"line":31,"column":26},"end":{"line":31,"column":27}},"loc":{"start":{"line":31,"column":52},"end":{"line":38,"column":1}},"line":31},"3":{"name":"(anonymous_3)","decl":{"start":{"line":40,"column":26},"end":{"line":40,"column":27}},"loc":{"start":{"line":40,"column":52},"end":{"line":52,"column":1}},"line":40},"4":{"name":"(anonymous_4)","decl":{"start":{"line":54,"column":26},"end":{"line":54,"column":27}},"loc":{"start":{"line":54,"column":52},"end":{"line":66,"column":1}},"line":54},"5":{"name":"(anonymous_5)","decl":{"start":{"line":68,"column":25},"end":{"line":68,"column":26}},"loc":{"start":{"line":68,"column":51},"end":{"line":80,"column":1}},"line":68},"6":{"name":"(anonymous_6)","decl":{"start":{"line":82,"column":28},"end":{"line":82,"column":29}},"loc":{"start":{"line":82,"column":54},"end":{"line":94,"column":1}},"line":82},"7":{"name":"(anonymous_7)","decl":{"start":{"line":96,"column":33},"end":{"line":96,"column":34}},"loc":{"start":{"line":96,"column":59},"end":{"line":103,"column":1}},"line":96}},"branchMap":{"0":{"loc":{"start":{"line":7,"column":17},"end":{"line":7,"column":39}},"type":"binary-expr","locations":[{"start":{"line":7,"column":17},"end":{"line":7,"column":26}},{"start":{"line":7,"column":30},"end":{"line":7,"column":39}}],"line":7},"1":{"loc":{"start":{"line":8,"column":14},"end":{"line":8,"column":33}},"type":"binary-expr","locations":[{"start":{"line":8,"column":14},"end":{"line":8,"column":20}},{"start":{"line":8,"column":24},"end":{"line":8,"column":33}}],"line":8},"2":{"loc":{"start":{"line":9,"column":23},"end":{"line":9,"column":51}},"type":"binary-expr","locations":[{"start":{"line":9,"column":23},"end":{"line":9,"column":38}},{"start":{"line":9,"column":42},"end":{"line":9,"column":51}}],"line":9},"3":{"loc":{"start":{"line":21,"column":4},"end":{"line":23,"column":5}},"type":"if","locations":[{"start":{"line":21,"column":4},"end":{"line":23,"column":5}},{"start":{},"end":{}}],"line":21},"4":{"loc":{"start":{"line":44,"column":4},"end":{"line":46,"column":5}},"type":"if","locations":[{"start":{"line":44,"column":4},"end":{"line":46,"column":5}},{"start":{},"end":{}}],"line":44},"5":{"loc":{"start":{"line":58,"column":4},"end":{"line":60,"column":5}},"type":"if","locations":[{"start":{"line":58,"column":4},"end":{"line":60,"column":5}},{"start":{},"end":{}}],"line":58},"6":{"loc":{"start":{"line":72,"column":4},"end":{"line":74,"column":5}},"type":"if","locations":[{"start":{"line":72,"column":4},"end":{"line":74,"column":5}},{"start":{},"end":{}}],"line":72},"7":{"loc":{"start":{"line":86,"column":4},"end":{"line":88,"column":5}},"type":"if","locations":[{"start":{"line":86,"column":4},"end":{"line":88,"column":5}},{"start":{},"end":{}}],"line":86}},"s":{"0":0,"1":0,"2":0,"3":0,"4":0,"5":0,"6":0,"7":0,"8":0,"9":0,"10":0,"11":0,"12":0,"13":0,"14":0,"15":0,"16":0,"17":0,"18":0,"19":0,"20":0,"21":0,"22":0,"23":0,"24":0,"25":0,"26":0,"27":0,"28":0,"29":0,"30":0,"31":0,"32":0,"33":0,"34":0,"35":0,"36":0,"37":0,"38":0,"39":0,"40":0,"41":0,"42":0,"43":0,"44":0,"45":0,"46":0,"47":0,"48":0,"49":0,"50":0,"51":0,"52":0},"f":{"0":0,"1":0,"2":0,"3":0,"4":0,"5":0,"6":0,"7":0},"b":{"0":[0,0],"1":[0,0],"2":[0,0],"3":[0,0],"4":[0,0],"5":[0,0],"6":[0,0],"7":[0,0]}}
,"C:\\Users\\VMI\\Desktop\\gestion-flotte\\services\\maintenance-service\\src\\kafka\\client.js": {"path":"C:\\Users\\VMI\\Desktop\\gestion-flotte\\services\\maintenance-service\\src\\kafka\\client.js","statementMap":{"0":{"start":{"line":1,"column":28},"end":{"line":1,"column":46}},"1":{"start":{"line":3,"column":21},"end":{"line":9,"column":1}},"2":{"start":{"line":4,"column":14},"end":{"line":4,"column":59}},"3":{"start":{"line":5,"column":2},"end":{"line":8,"column":21}},"4":{"start":{"line":7,"column":16},"end":{"line":7,"column":24}},"5":{"start":{"line":11,"column":14},"end":{"line":15,"column":2}},"6":{"start":{"line":17,"column":0},"end":{"line":17,"column":23}}},"fnMap":{"0":{"name":"(anonymous_0)","decl":{"start":{"line":3,"column":21},"end":{"line":3,"column":22}},"loc":{"start":{"line":3,"column":27},"end":{"line":9,"column":1}},"line":3},"1":{"name":"(anonymous_1)","decl":{"start":{"line":7,"column":9},"end":{"line":7,"column":10}},"loc":{"start":{"line":7,"column":16},"end":{"line":7,"column":24}},"line":7}},"branchMap":{"0":{"loc":{"start":{"line":4,"column":14},"end":{"line":4,"column":59}},"type":"binary-expr","locations":[{"start":{"line":4,"column":14},"end":{"line":4,"column":39}},{"start":{"line":4,"column":43},"end":{"line":4,"column":59}}],"line":4},"1":{"loc":{"start":{"line":12,"column":12},"end":{"line":12,"column":64}},"type":"binary-expr","locations":[{"start":{"line":12,"column":12},"end":{"line":12,"column":39}},{"start":{"line":12,"column":43},"end":{"line":12,"column":64}}],"line":12}},"s":{"0":1,"1":1,"2":1,"3":1,"4":1,"5":1,"6":1},"f":{"0":1,"1":1},"b":{"0":[1,1],"1":[1,1]},"_coverageSchema":"1a1c01bbd47fc00a2c39e90264f33305004495a9","hash":"5884dbe4c63d282865fd3e4271e371cf5556a8f5"}
,"C:\\Users\\VMI\\Desktop\\gestion-flotte\\services\\maintenance-service\\src\\kafka\\consumer.js": {"path":"C:\\Users\\VMI\\Desktop\\gestion-flotte\\services\\maintenance-service\\src\\kafka\\consumer.js","statementMap":{"0":{"start":{"line":1,"column":14},"end":{"line":1,"column":33}},"1":{"start":{"line":2,"column":15},"end":{"line":2,"column":49}},"2":{"start":{"line":4,"column":14},"end":{"line":4,"column":62}},"3":{"start":{"line":5,"column":16},"end":{"line":5,"column":43}},"4":{"start":{"line":7,"column":17},"end":{"line":7,"column":44}},"5":{"start":{"line":9,"column":33},"end":{"line":38,"column":1}},"6":{"start":{"line":10,"column":2},"end":{"line":10,"column":27}},"7":{"start":{"line":11,"column":2},"end":{"line":11,"column":60}},"8":{"start":{"line":13,"column":2},"end":{"line":37,"column":5}},"9":{"start":{"line":15,"column":6},"end":{"line":35,"column":7}},"10":{"start":{"line":16,"column":22},"end":{"line":16,"column":58}},"11":{"start":{"line":18,"column":8},"end":{"line":28,"column":9}},"12":{"start":{"line":19,"column":27},"end":{"line":19,"column":40}},"13":{"start":{"line":21,"column":10},"end":{"line":27,"column":11}},"14":{"start":{"line":22,"column":12},"end":{"line":26,"column":66}},"15":{"start":{"line":30,"column":8},"end":{"line":33,"column":53}},"16":{"start":{"line":40,"column":27},"end":{"line":42,"column":1}},"17":{"start":{"line":41,"column":2},"end":{"line":41,"column":30}},"18":{"start":{"line":44,"column":0},"end":{"line":47,"column":2}}},"fnMap":{"0":{"name":"(anonymous_0)","decl":{"start":{"line":9,"column":33},"end":{"line":9,"column":34}},"loc":{"start":{"line":9,"column":45},"end":{"line":38,"column":1}},"line":9},"1":{"name":"(anonymous_1)","decl":{"start":{"line":14,"column":17},"end":{"line":14,"column":18}},"loc":{"start":{"line":14,"column":58},"end":{"line":36,"column":5}},"line":14},"2":{"name":"(anonymous_2)","decl":{"start":{"line":40,"column":27},"end":{"line":40,"column":28}},"loc":{"start":{"line":40,"column":39},"end":{"line":42,"column":1}},"line":40}},"branchMap":{"0":{"loc":{"start":{"line":4,"column":14},"end":{"line":4,"column":62}},"type":"binary-expr","locations":[{"start":{"line":4,"column":14},"end":{"line":4,"column":47}},{"start":{"line":4,"column":51},"end":{"line":4,"column":62}}],"line":4},"1":{"loc":{"start":{"line":18,"column":8},"end":{"line":28,"column":9}},"type":"if","locations":[{"start":{"line":18,"column":8},"end":{"line":28,"column":9}},{"start":{},"end":{}}],"line":18},"2":{"loc":{"start":{"line":21,"column":10},"end":{"line":27,"column":11}},"type":"if","locations":[{"start":{"line":21,"column":10},"end":{"line":27,"column":11}},{"start":{},"end":{}}],"line":21}},"s":{"0":0,"1":0,"2":0,"3":0,"4":0,"5":0,"6":0,"7":0,"8":0,"9":0,"10":0,"11":0,"12":0,"13":0,"14":0,"15":0,"16":0,"17":0,"18":0},"f":{"0":0,"1":0,"2":0},"b":{"0":[0,0],"1":[0,0],"2":[0,0]}}
,"C:\\Users\\VMI\\Desktop\\gestion-flotte\\services\\maintenance-service\\src\\kafka\\producer.js": {"path":"C:\\Users\\VMI\\Desktop\\gestion-flotte\\services\\maintenance-service\\src\\kafka\\producer.js","statementMap":{"0":{"start":{"line":1,"column":23},"end":{"line":1,"column":40}},"1":{"start":{"line":2,"column":14},"end":{"line":2,"column":33}},"2":{"start":{"line":4,"column":14},"end":{"line":4,"column":68}},"3":{"start":{"line":6,"column":17},"end":{"line":6,"column":33}},"4":{"start":{"line":7,"column":18},"end":{"line":7,"column":23}},"5":{"start":{"line":9,"column":32},"end":{"line":14,"column":1}},"6":{"start":{"line":10,"column":2},"end":{"line":13,"column":3}},"7":{"start":{"line":11,"column":4},"end":{"line":11,"column":29}},"8":{"start":{"line":12,"column":4},"end":{"line":12,"column":23}},"9":{"start":{"line":16,"column":32},"end":{"line":34,"column":1}},"10":{"start":{"line":17,"column":2},"end":{"line":17,"column":34}},"11":{"start":{"line":19,"column":16},"end":{"line":25,"column":3}},"12":{"start":{"line":27,"column":2},"end":{"line":33,"column":5}},"13":{"start":{"line":36,"column":27},"end":{"line":41,"column":1}},"14":{"start":{"line":37,"column":2},"end":{"line":40,"column":3}},"15":{"start":{"line":38,"column":4},"end":{"line":38,"column":32}},"16":{"start":{"line":39,"column":4},"end":{"line":39,"column":24}},"17":{"start":{"line":43,"column":0},"end":{"line":46,"column":2}}},"fnMap":{"0":{"name":"(anonymous_0)","decl":{"start":{"line":9,"column":32},"end":{"line":9,"column":33}},"loc":{"start":{"line":9,"column":44},"end":{"line":14,"column":1}},"line":9},"1":{"name":"(anonymous_1)","decl":{"start":{"line":16,"column":32},"end":{"line":16,"column":33}},"loc":{"start":{"line":16,"column":70},"end":{"line":34,"column":1}},"line":16},"2":{"name":"(anonymous_2)","decl":{"start":{"line":36,"column":27},"end":{"line":36,"column":28}},"loc":{"start":{"line":36,"column":39},"end":{"line":41,"column":1}},"line":36}},"branchMap":{"0":{"loc":{"start":{"line":4,"column":14},"end":{"line":4,"column":68}},"type":"binary-expr","locations":[{"start":{"line":4,"column":14},"end":{"line":4,"column":50}},{"start":{"line":4,"column":54},"end":{"line":4,"column":68}}],"line":4},"1":{"loc":{"start":{"line":10,"column":2},"end":{"line":13,"column":3}},"type":"if","locations":[{"start":{"line":10,"column":2},"end":{"line":13,"column":3}},{"start":{},"end":{}}],"line":10},"2":{"loc":{"start":{"line":37,"column":2},"end":{"line":40,"column":3}},"type":"if","locations":[{"start":{"line":37,"column":2},"end":{"line":40,"column":3}},{"start":{},"end":{}}],"line":37}},"s":{"0":1,"1":1,"2":1,"3":1,"4":1,"5":1,"6":0,"7":0,"8":0,"9":1,"10":0,"11":0,"12":0,"13":1,"14":0,"15":0,"16":0,"17":1},"f":{"0":0,"1":0,"2":0},"b":{"0":[1,1],"1":[0,0],"2":[0,0]},"_coverageSchema":"1a1c01bbd47fc00a2c39e90264f33305004495a9","hash":"b7701ac85efc20cc870dd9b165330066400ba011"}
,"C:\\Users\\VMI\\Desktop\\gestion-flotte\\services\\maintenance-service\\src\\middleware\\maintenanceValidation.js": {"path":"C:\\Users\\VMI\\Desktop\\gestion-flotte\\services\\maintenance-service\\src\\middleware\\maintenanceValidation.js","statementMap":{},"fnMap":{},"branchMap":{},"s":{},"f":{},"b":{}}
,"C:\\Users\\VMI\\Desktop\\gestion-flotte\\services\\maintenance-service\\src\\observability\\logger.js": {"path":"C:\\Users\\VMI\\Desktop\\gestion-flotte\\services\\maintenance-service\\src\\observability\\logger.js","statementMap":{"0":{"start":{"line":15,"column":13},"end":{"line":15,"column":28}},"1":{"start":{"line":16,"column":17},"end":{"line":16,"column":37}},"2":{"start":{"line":17,"column":18},"end":{"line":17,"column":47}},"3":{"start":{"line":19,"column":20},"end":{"line":19,"column":74}},"4":{"start":{"line":20,"column":20},"end":{"line":20,"column":57}},"5":{"start":{"line":23,"column":19},"end":{"line":40,"column":1}},"6":{"start":{"line":43,"column":15},"end":{"line":43,"column":31}},"7":{"start":{"line":48,"column":19},"end":{"line":63,"column":2}},"8":{"start":{"line":51,"column":4},"end":{"line":51,"column":46}},"9":{"start":{"line":51,"column":31},"end":{"line":51,"column":46}},"10":{"start":{"line":52,"column":4},"end":{"line":52,"column":45}},"11":{"start":{"line":52,"column":31},"end":{"line":52,"column":45}},"12":{"start":{"line":53,"column":4},"end":{"line":53,"column":18}},"13":{"start":{"line":56,"column":4},"end":{"line":56,"column":48}},"14":{"start":{"line":59,"column":4},"end":{"line":59,"column":70}},"15":{"start":{"line":68,"column":29},"end":{"line":86,"column":2}},"16":{"start":{"line":68,"column":45},"end":{"line":86,"column":2}},"17":{"start":{"line":70,"column":4},"end":{"line":75,"column":5}},"18":{"start":{"line":71,"column":19},"end":{"line":71,"column":40}},"19":{"start":{"line":72,"column":6},"end":{"line":72,"column":55}},"20":{"start":{"line":74,"column":6},"end":{"line":74,"column":24}},"21":{"start":{"line":78,"column":4},"end":{"line":83,"column":5}},"22":{"start":{"line":79,"column":19},"end":{"line":79,"column":40}},"23":{"start":{"line":80,"column":6},"end":{"line":80,"column":53}},"24":{"start":{"line":82,"column":6},"end":{"line":82,"column":23}},"25":{"start":{"line":89,"column":24},"end":{"line":89,"column":52}},"26":{"start":{"line":91,"column":0},"end":{"line":91,"column":33}},"27":{"start":{"line":92,"column":0},"end":{"line":92,"column":39}},"28":{"start":{"line":93,"column":0},"end":{"line":93,"column":84}},"29":{"start":{"line":93,"column":41},"end":{"line":93,"column":83}}},"fnMap":{"0":{"name":"(anonymous_0)","decl":{"start":{"line":50,"column":18},"end":{"line":50,"column":19}},"loc":{"start":{"line":50,"column":37},"end":{"line":54,"column":3}},"line":50},"1":{"name":"(anonymous_1)","decl":{"start":{"line":55,"column":24},"end":{"line":55,"column":25}},"loc":{"start":{"line":55,"column":50},"end":{"line":57,"column":3}},"line":55},"2":{"name":"(anonymous_2)","decl":{"start":{"line":58,"column":22},"end":{"line":58,"column":23}},"loc":{"start":{"line":58,"column":53},"end":{"line":60,"column":3}},"line":58},"3":{"name":"(anonymous_3)","decl":{"start":{"line":68,"column":29},"end":{"line":68,"column":30}},"loc":{"start":{"line":68,"column":45},"end":{"line":86,"column":2}},"line":68},"4":{"name":"(anonymous_4)","decl":{"start":{"line":69,"column":2},"end":{"line":69,"column":3}},"loc":{"start":{"line":69,"column":17},"end":{"line":76,"column":3}},"line":69},"5":{"name":"(anonymous_5)","decl":{"start":{"line":77,"column":2},"end":{"line":77,"column":3}},"loc":{"start":{"line":77,"column":16},"end":{"line":84,"column":3}},"line":77},"6":{"name":"(anonymous_6)","decl":{"start":{"line":93,"column":29},"end":{"line":93,"column":30}},"loc":{"start":{"line":93,"column":41},"end":{"line":93,"column":83}},"line":93}},"branchMap":{"0":{"loc":{"start":{"line":19,"column":20},"end":{"line":19,"column":74}},"type":"binary-expr","locations":[{"start":{"line":19,"column":20},"end":{"line":19,"column":49}},{"start":{"line":19,"column":53},"end":{"line":19,"column":74}}],"line":19},"1":{"loc":{"start":{"line":20,"column":20},"end":{"line":20,"column":57}},"type":"binary-expr","locations":[{"start":{"line":20,"column":20},"end":{"line":20,"column":40}},{"start":{"line":20,"column":44},"end":{"line":20,"column":57}}],"line":20},"2":{"loc":{"start":{"line":24,"column":9},"end":{"line":24,"column":40}},"type":"binary-expr","locations":[{"start":{"line":24,"column":9},"end":{"line":24,"column":30}},{"start":{"line":24,"column":34},"end":{"line":24,"column":40}}],"line":24},"3":{"loc":{"start":{"line":25,"column":13},"end":{"line":35,"column":15}},"type":"cond-expr","locations":[{"start":{"line":26,"column":6},"end":{"line":34,"column":7}},{"start":{"line":35,"column":6},"end":{"line":35,"column":15}}],"line":25},"4":{"loc":{"start":{"line":51,"column":4},"end":{"line":51,"column":46}},"type":"if","locations":[{"start":{"line":51,"column":4},"end":{"line":51,"column":46}},{"start":{},"end":{}}],"line":51},"5":{"loc":{"start":{"line":52,"column":4},"end":{"line":52,"column":45}},"type":"if","locations":[{"start":{"line":52,"column":4},"end":{"line":52,"column":45}},{"start":{},"end":{}}],"line":52},"6":{"loc":{"start":{"line":59,"column":49},"end":{"line":59,"column":67}},"type":"binary-expr","locations":[{"start":{"line":59,"column":49},"end":{"line":59,"column":61}},{"start":{"line":59,"column":65},"end":{"line":59,"column":67}}],"line":59},"7":{"loc":{"start":{"line":72,"column":13},"end":{"line":72,"column":54}},"type":"binary-expr","locations":[{"start":{"line":72,"column":13},"end":{"line":72,"column":40}},{"start":{"line":72,"column":44},"end":{"line":72,"column":54}}],"line":72},"8":{"loc":{"start":{"line":80,"column":13},"end":{"line":80,"column":52}},"type":"binary-expr","locations":[{"start":{"line":80,"column":13},"end":{"line":80,"column":39}},{"start":{"line":80,"column":43},"end":{"line":80,"column":52}}],"line":80}},"s":{"0":0,"1":0,"2":0,"3":0,"4":0,"5":0,"6":0,"7":0,"8":0,"9":0,"10":0,"11":0,"12":0,"13":0,"14":0,"15":0,"16":0,"17":0,"18":0,"19":0,"20":0,"21":0,"22":0,"23":0,"24":0,"25":0,"26":0,"27":0,"28":0,"29":0},"f":{"0":0,"1":0,"2":0,"3":0,"4":0,"5":0,"6":0},"b":{"0":[0,0],"1":[0,0],"2":[0,0],"3":[0,0],"4":[0,0],"5":[0,0],"6":[0,0],"7":[0,0],"8":[0,0]}}
,"C:\\Users\\VMI\\Desktop\\gestion-flotte\\services\\maintenance-service\\src\\observability\\telemetry.js": {"path":"C:\\Users\\VMI\\Desktop\\gestion-flotte\\services\\maintenance-service\\src\\observability\\telemetry.js","statementMap":{"0":{"start":{"line":8,"column":20},"end":{"line":8,"column":54}},"1":{"start":{"line":9,"column":40},"end":{"line":9,"column":92}},"2":{"start":{"line":10,"column":30},"end":{"line":10,"column":80}},"3":{"start":{"line":11,"column":31},"end":{"line":11,"column":83}},"4":{"start":{"line":12,"column":42},"end":{"line":12,"column":79}},"5":{"start":{"line":13,"column":21},"end":{"line":13,"column":56}},"6":{"start":{"line":14,"column":39},"end":{"line":14,"column":85}},"7":{"start":{"line":16,"column":20},"end":{"line":16,"column":74}},"8":{"start":{"line":17,"column":21},"end":{"line":17,"column":87}},"9":{"start":{"line":18,"column":20},"end":{"line":18,"column":57}},"10":{"start":{"line":20,"column":22},"end":{"line":22,"column":2}},"11":{"start":{"line":24,"column":23},"end":{"line":26,"column":2}},"12":{"start":{"line":28,"column":21},"end":{"line":31,"column":2}},"13":{"start":{"line":33,"column":17},"end":{"line":39,"column":1}},"14":{"start":{"line":41,"column":12},"end":{"line":46,"column":2}},"15":{"start":{"line":48,"column":0},"end":{"line":48,"column":12}},"16":{"start":{"line":50,"column":0},"end":{"line":50,"column":63}},"17":{"start":{"line":51,"column":0},"end":{"line":51,"column":61}},"18":{"start":{"line":54,"column":0},"end":{"line":61,"column":3}},"19":{"start":{"line":55,"column":2},"end":{"line":60,"column":3}},"20":{"start":{"line":56,"column":4},"end":{"line":56,"column":25}},"21":{"start":{"line":57,"column":4},"end":{"line":57,"column":46}},"22":{"start":{"line":59,"column":4},"end":{"line":59,"column":61}}},"fnMap":{"0":{"name":"(anonymous_0)","decl":{"start":{"line":54,"column":22},"end":{"line":54,"column":23}},"loc":{"start":{"line":54,"column":34},"end":{"line":61,"column":1}},"line":54}},"branchMap":{"0":{"loc":{"start":{"line":16,"column":20},"end":{"line":16,"column":74}},"type":"binary-expr","locations":[{"start":{"line":16,"column":20},"end":{"line":16,"column":49}},{"start":{"line":16,"column":53},"end":{"line":16,"column":74}}],"line":16},"1":{"loc":{"start":{"line":17,"column":21},"end":{"line":17,"column":87}},"type":"binary-expr","locations":[{"start":{"line":17,"column":21},"end":{"line":17,"column":60}},{"start":{"line":17,"column":64},"end":{"line":17,"column":87}}],"line":17},"2":{"loc":{"start":{"line":18,"column":20},"end":{"line":18,"column":57}},"type":"binary-expr","locations":[{"start":{"line":18,"column":20},"end":{"line":18,"column":40}},{"start":{"line":18,"column":44},"end":{"line":18,"column":57}}],"line":18},"3":{"loc":{"start":{"line":36,"column":50},"end":{"line":36,"column":101}},"type":"binary-expr","locations":[{"start":{"line":36,"column":50},"end":{"line":36,"column":90}},{"start":{"line":36,"column":94},"end":{"line":36,"column":101}}],"line":36}},"s":{"0":0,"1":0,"2":0,"3":0,"4":0,"5":0,"6":0,"7":0,"8":0,"9":0,"10":0,"11":0,"12":0,"13":0,"14":0,"15":0,"16":0,"17":0,"18":0,"19":0,"20":0,"21":0,"22":0},"f":{"0":0},"b":{"0":[0,0],"1":[0,0],"2":[0,0],"3":[0,0]}}
,"C:\\Users\\VMI\\Desktop\\gestion-flotte\\services\\maintenance-service\\src\\repositories\\maintenanceRepository.js": {"path":"C:\\Users\\VMI\\Desktop\\gestion-flotte\\services\\maintenance-service\\src\\repositories\\maintenanceRepository.js","statementMap":{"0":{"start":{"line":1,"column":13},"end":{"line":1,"column":36}},"1":{"start":{"line":3,"column":19},"end":{"line":15,"column":1}},"2":{"start":{"line":17,"column":28},"end":{"line":27,"column":2}},"3":{"start":{"line":17,"column":38},"end":{"line":27,"column":1}},"4":{"start":{"line":29,"column":16},"end":{"line":62,"column":1}},"5":{"start":{"line":30,"column":14},"end":{"line":30,"column":24}},"6":{"start":{"line":31,"column":17},"end":{"line":31,"column":19}},"7":{"start":{"line":32,"column":19},"end":{"line":32,"column":20}},"8":{"start":{"line":34,"column":23},"end":{"line":34,"column":25}},"9":{"start":{"line":36,"column":2},"end":{"line":40,"column":3}},"10":{"start":{"line":37,"column":4},"end":{"line":37,"column":59}},"11":{"start":{"line":38,"column":4},"end":{"line":38,"column":27}},"12":{"start":{"line":39,"column":4},"end":{"line":39,"column":17}},"13":{"start":{"line":42,"column":2},"end":{"line":46,"column":3}},"14":{"start":{"line":43,"column":4},"end":{"line":43,"column":49}},"15":{"start":{"line":44,"column":4},"end":{"line":44,"column":24}},"16":{"start":{"line":45,"column":4},"end":{"line":45,"column":17}},"17":{"start":{"line":48,"column":2},"end":{"line":52,"column":3}},"18":{"start":{"line":49,"column":4},"end":{"line":49,"column":59}},"19":{"start":{"line":50,"column":4},"end":{"line":50,"column":33}},"20":{"start":{"line":51,"column":4},"end":{"line":51,"column":17}},"21":{"start":{"line":54,"column":2},"end":{"line":56,"column":3}},"22":{"start":{"line":55,"column":4},"end":{"line":55,"column":52}},"23":{"start":{"line":58,"column":2},"end":{"line":58,"column":41}},"24":{"start":{"line":60,"column":19},"end":{"line":60,"column":50}},"25":{"start":{"line":61,"column":2},"end":{"line":61,"column":39}},"26":{"start":{"line":64,"column":17},"end":{"line":70,"column":1}},"27":{"start":{"line":65,"column":19},"end":{"line":65,"column":78}},"28":{"start":{"line":66,"column":2},"end":{"line":68,"column":3}},"29":{"start":{"line":67,"column":4},"end":{"line":67,"column":16}},"30":{"start":{"line":69,"column":2},"end":{"line":69,"column":38}},"31":{"start":{"line":72,"column":24},"end":{"line":75,"column":1}},"32":{"start":{"line":73,"column":19},"end":{"line":73,"column":120}},"33":{"start":{"line":74,"column":2},"end":{"line":74,"column":39}},"34":{"start":{"line":77,"column":15},"end":{"line":80,"column":1}},"35":{"start":{"line":78,"column":19},"end":{"line":78,"column":126}},"36":{"start":{"line":79,"column":2},"end":{"line":79,"column":25}},"37":{"start":{"line":82,"column":15},"end":{"line":122,"column":1}},"38":{"start":{"line":83,"column":16},"end":{"line":106,"column":3}},"39":{"start":{"line":108,"column":17},"end":{"line":118,"column":3}},"40":{"start":{"line":120,"column":19},"end":{"line":120,"column":50}},"41":{"start":{"line":121,"column":2},"end":{"line":121,"column":38}},"42":{"start":{"line":124,"column":15},"end":{"line":157,"column":1}},"43":{"start":{"line":125,"column":16},"end":{"line":138,"column":3}},"44":{"start":{"line":140,"column":17},"end":{"line":150,"column":3}},"45":{"start":{"line":152,"column":19},"end":{"line":152,"column":50}},"46":{"start":{"line":153,"column":2},"end":{"line":155,"column":3}},"47":{"start":{"line":154,"column":4},"end":{"line":154,"column":16}},"48":{"start":{"line":156,"column":2},"end":{"line":156,"column":38}},"49":{"start":{"line":159,"column":21},"end":{"line":188,"column":1}},"50":{"start":{"line":160,"column":21},"end":{"line":160,"column":36}},"51":{"start":{"line":161,"column":17},"end":{"line":161,"column":29}},"52":{"start":{"line":162,"column":19},"end":{"line":162,"column":20}},"53":{"start":{"line":164,"column":2},"end":{"line":168,"column":3}},"54":{"start":{"line":165,"column":4},"end":{"line":165,"column":62}},"55":{"start":{"line":166,"column":4},"end":{"line":166,"column":25}},"56":{"start":{"line":167,"column":4},"end":{"line":167,"column":17}},"57":{"start":{"line":170,"column":2},"end":{"line":174,"column":3}},"58":{"start":{"line":171,"column":4},"end":{"line":171,"column":47}},"59":{"start":{"line":172,"column":4},"end":{"line":172,"column":22}},"60":{"start":{"line":173,"column":4},"end":{"line":173,"column":17}},"61":{"start":{"line":176,"column":16},"end":{"line":181,"column":3}},"62":{"start":{"line":183,"column":19},"end":{"line":183,"column":50}},"63":{"start":{"line":184,"column":2},"end":{"line":186,"column":3}},"64":{"start":{"line":185,"column":4},"end":{"line":185,"column":16}},"65":{"start":{"line":187,"column":2},"end":{"line":187,"column":38}},"66":{"start":{"line":190,"column":15},"end":{"line":194,"column":1}},"67":{"start":{"line":191,"column":16},"end":{"line":191,"column":89}},"68":{"start":{"line":192,"column":23},"end":{"line":192,"column":52}},"69":{"start":{"line":193,"column":2},"end":{"line":193,"column":22}},"70":{"start":{"line":196,"column":0},"end":{"line":205,"column":2}}},"fnMap":{"0":{"name":"(anonymous_0)","decl":{"start":{"line":17,"column":28},"end":{"line":17,"column":29}},"loc":{"start":{"line":17,"column":38},"end":{"line":27,"column":1}},"line":17},"1":{"name":"(anonymous_1)","decl":{"start":{"line":29,"column":16},"end":{"line":29,"column":17}},"loc":{"start":{"line":29,"column":71},"end":{"line":62,"column":1}},"line":29},"2":{"name":"(anonymous_2)","decl":{"start":{"line":64,"column":17},"end":{"line":64,"column":18}},"loc":{"start":{"line":64,"column":31},"end":{"line":70,"column":1}},"line":64},"3":{"name":"(anonymous_3)","decl":{"start":{"line":72,"column":24},"end":{"line":72,"column":25}},"loc":{"start":{"line":72,"column":45},"end":{"line":75,"column":1}},"line":72},"4":{"name":"(anonymous_4)","decl":{"start":{"line":77,"column":15},"end":{"line":77,"column":16}},"loc":{"start":{"line":77,"column":29},"end":{"line":80,"column":1}},"line":77},"5":{"name":"(anonymous_5)","decl":{"start":{"line":82,"column":15},"end":{"line":82,"column":16}},"loc":{"start":{"line":82,"column":38},"end":{"line":122,"column":1}},"line":82},"6":{"name":"(anonymous_6)","decl":{"start":{"line":124,"column":15},"end":{"line":124,"column":16}},"loc":{"start":{"line":124,"column":42},"end":{"line":157,"column":1}},"line":124},"7":{"name":"(anonymous_7)","decl":{"start":{"line":159,"column":21},"end":{"line":159,"column":22}},"loc":{"start":{"line":159,"column":62},"end":{"line":188,"column":1}},"line":159},"8":{"name":"(anonymous_8)","decl":{"start":{"line":190,"column":15},"end":{"line":190,"column":16}},"loc":{"start":{"line":190,"column":29},"end":{"line":194,"column":1}},"line":190}},"branchMap":{"0":{"loc":{"start":{"line":29,"column":23},"end":{"line":29,"column":66}},"type":"default-arg","locations":[{"start":{"line":29,"column":64},"end":{"line":29,"column":66}}],"line":29},"1":{"loc":{"start":{"line":36,"column":2},"end":{"line":40,"column":3}},"type":"if","locations":[{"start":{"line":36,"column":2},"end":{"line":40,"column":3}},{"start":{},"end":{}}],"line":36},"2":{"loc":{"start":{"line":42,"column":2},"end":{"line":46,"column":3}},"type":"if","locations":[{"start":{"line":42,"column":2},"end":{"line":46,"column":3}},{"start":{},"end":{}}],"line":42},"3":{"loc":{"start":{"line":48,"column":2},"end":{"line":52,"column":3}},"type":"if","locations":[{"start":{"line":48,"column":2},"end":{"line":52,"column":3}},{"start":{},"end":{}}],"line":48},"4":{"loc":{"start":{"line":54,"column":2},"end":{"line":56,"column":3}},"type":"if","locations":[{"start":{"line":54,"column":2},"end":{"line":56,"column":3}},{"start":{},"end":{}}],"line":54},"5":{"loc":{"start":{"line":66,"column":2},"end":{"line":68,"column":3}},"type":"if","locations":[{"start":{"line":66,"column":2},"end":{"line":68,"column":3}},{"start":{},"end":{}}],"line":66},"6":{"loc":{"start":{"line":112,"column":4},"end":{"line":112,"column":35}},"type":"binary-expr","locations":[{"start":{"line":112,"column":4},"end":{"line":112,"column":27}},{"start":{"line":112,"column":31},"end":{"line":112,"column":35}}],"line":112},"7":{"loc":{"start":{"line":116,"column":4},"end":{"line":116,"column":31}},"type":"binary-expr","locations":[{"start":{"line":116,"column":4},"end":{"line":116,"column":23}},{"start":{"line":116,"column":27},"end":{"line":116,"column":31}}],"line":116},"8":{"loc":{"start":{"line":117,"column":4},"end":{"line":117,"column":36}},"type":"binary-expr","locations":[{"start":{"line":117,"column":4},"end":{"line":117,"column":22}},{"start":{"line":117,"column":26},"end":{"line":117,"column":36}}],"line":117},"9":{"loc":{"start":{"line":144,"column":4},"end":{"line":144,"column":35}},"type":"binary-expr","locations":[{"start":{"line":144,"column":4},"end":{"line":144,"column":27}},{"start":{"line":144,"column":31},"end":{"line":144,"column":35}}],"line":144},"10":{"loc":{"start":{"line":148,"column":4},"end":{"line":148,"column":31}},"type":"binary-expr","locations":[{"start":{"line":148,"column":4},"end":{"line":148,"column":23}},{"start":{"line":148,"column":27},"end":{"line":148,"column":31}}],"line":148},"11":{"loc":{"start":{"line":149,"column":4},"end":{"line":149,"column":36}},"type":"binary-expr","locations":[{"start":{"line":149,"column":4},"end":{"line":149,"column":22}},{"start":{"line":149,"column":26},"end":{"line":149,"column":36}}],"line":149},"12":{"loc":{"start":{"line":153,"column":2},"end":{"line":155,"column":3}},"type":"if","locations":[{"start":{"line":153,"column":2},"end":{"line":155,"column":3}},{"start":{},"end":{}}],"line":153},"13":{"loc":{"start":{"line":164,"column":2},"end":{"line":168,"column":3}},"type":"if","locations":[{"start":{"line":164,"column":2},"end":{"line":168,"column":3}},{"start":{},"end":{}}],"line":164},"14":{"loc":{"start":{"line":170,"column":2},"end":{"line":174,"column":3}},"type":"if","locations":[{"start":{"line":170,"column":2},"end":{"line":174,"column":3}},{"start":{},"end":{}}],"line":170},"15":{"loc":{"start":{"line":184,"column":2},"end":{"line":186,"column":3}},"type":"if","locations":[{"start":{"line":184,"column":2},"end":{"line":186,"column":3}},{"start":{},"end":{}}],"line":184}},"s":{"0":1,"1":1,"2":1,"3":0,"4":1,"5":0,"6":0,"7":0,"8":0,"9":0,"10":0,"11":0,"12":0,"13":0,"14":0,"15":0,"16":0,"17":0,"18":0,"19":0,"20":0,"21":0,"22":0,"23":0,"24":0,"25":0,"26":1,"27":0,"28":0,"29":0,"30":0,"31":1,"32":0,"33":0,"34":1,"35":0,"36":0,"37":1,"38":0,"39":0,"40":0,"41":0,"42":1,"43":0,"44":0,"45":0,"46":0,"47":0,"48":0,"49":1,"50":0,"51":0,"52":0,"53":0,"54":0,"55":0,"56":0,"57":0,"58":0,"59":0,"60":0,"61":0,"62":0,"63":0,"64":0,"65":0,"66":1,"67":0,"68":0,"69":0,"70":1},"f":{"0":0,"1":0,"2":0,"3":0,"4":0,"5":0,"6":0,"7":0,"8":0},"b":{"0":[0],"1":[0,0],"2":[0,0],"3":[0,0],"4":[0,0],"5":[0,0],"6":[0,0],"7":[0,0],"8":[0,0],"9":[0,0],"10":[0,0],"11":[0,0],"12":[0,0],"13":[0,0],"14":[0,0],"15":[0,0]},"_coverageSchema":"1a1c01bbd47fc00a2c39e90264f33305004495a9","hash":"0ddb81b98428d798cf3f24a9b71eb96e13ecd9c0"}
,"C:\\Users\\VMI\\Desktop\\gestion-flotte\\services\\maintenance-service\\src\\services\\maintenanceService.js": {"path":"C:\\Users\\VMI\\Desktop\\gestion-flotte\\services\\maintenance-service\\src\\services\\maintenanceService.js","statementMap":{"0":{"start":{"line":1,"column":23},"end":{"line":1,"column":40}},"1":{"start":{"line":2,"column":30},"end":{"line":2,"column":78}},"2":{"start":{"line":3,"column":36},"end":{"line":3,"column":64}},"3":{"start":{"line":5,"column":15},"end":{"line":5,"column":114}},"4":{"start":{"line":5,"column":26},"end":{"line":5,"column":114}},"5":{"start":{"line":7,"column":29},"end":{"line":17,"column":2}},"6":{"start":{"line":7,"column":47},"end":{"line":17,"column":1}},"7":{"start":{"line":19,"column":25},"end":{"line":20,"column":71}},"8":{"start":{"line":20,"column":2},"end":{"line":20,"column":71}},"9":{"start":{"line":22,"column":27},"end":{"line":29,"column":1}},"10":{"start":{"line":23,"column":2},"end":{"line":27,"column":3}},"11":{"start":{"line":24,"column":18},"end":{"line":24,"column":66}},"12":{"start":{"line":25,"column":4},"end":{"line":25,"column":23}},"13":{"start":{"line":26,"column":4},"end":{"line":26,"column":16}},"14":{"start":{"line":28,"column":2},"end":{"line":28,"column":44}},"15":{"start":{"line":31,"column":33},"end":{"line":38,"column":1}},"16":{"start":{"line":32,"column":2},"end":{"line":36,"column":3}},"17":{"start":{"line":33,"column":18},"end":{"line":33,"column":61}},"18":{"start":{"line":34,"column":4},"end":{"line":34,"column":23}},"19":{"start":{"line":35,"column":4},"end":{"line":35,"column":16}},"20":{"start":{"line":37,"column":2},"end":{"line":37,"column":58}},"21":{"start":{"line":40,"column":26},"end":{"line":69,"column":1}},"22":{"start":{"line":41,"column":22},"end":{"line":41,"column":77}},"23":{"start":{"line":42,"column":13},"end":{"line":42,"column":40}},"24":{"start":{"line":44,"column":2},"end":{"line":48,"column":3}},"25":{"start":{"line":45,"column":18},"end":{"line":45,"column":66}},"26":{"start":{"line":46,"column":4},"end":{"line":46,"column":23}},"27":{"start":{"line":47,"column":4},"end":{"line":47,"column":16}},"28":{"start":{"line":50,"column":2},"end":{"line":54,"column":3}},"29":{"start":{"line":51,"column":18},"end":{"line":51,"column":60}},"30":{"start":{"line":52,"column":4},"end":{"line":52,"column":23}},"31":{"start":{"line":53,"column":4},"end":{"line":53,"column":16}},"32":{"start":{"line":56,"column":22},"end":{"line":56,"column":55}},"33":{"start":{"line":57,"column":29},"end":{"line":57,"column":76}},"34":{"start":{"line":59,"column":2},"end":{"line":66,"column":3}},"35":{"start":{"line":60,"column":4},"end":{"line":63,"column":7}},"36":{"start":{"line":65,"column":4},"end":{"line":65,"column":91}},"37":{"start":{"line":68,"column":2},"end":{"line":68,"column":28}},"38":{"start":{"line":71,"column":26},"end":{"line":99,"column":1}},"39":{"start":{"line":72,"column":2},"end":{"line":76,"column":3}},"40":{"start":{"line":73,"column":18},"end":{"line":73,"column":66}},"41":{"start":{"line":74,"column":4},"end":{"line":74,"column":23}},"42":{"start":{"line":75,"column":4},"end":{"line":75,"column":16}},"43":{"start":{"line":78,"column":2},"end":{"line":80,"column":3}},"44":{"start":{"line":79,"column":4},"end":{"line":79,"column":16}},"45":{"start":{"line":82,"column":22},"end":{"line":82,"column":55}},"46":{"start":{"line":83,"column":29},"end":{"line":83,"column":80}},"47":{"start":{"line":85,"column":2},"end":{"line":87,"column":3}},"48":{"start":{"line":86,"column":4},"end":{"line":86,"column":16}},"49":{"start":{"line":89,"column":2},"end":{"line":96,"column":3}},"50":{"start":{"line":90,"column":4},"end":{"line":93,"column":7}},"51":{"start":{"line":95,"column":4},"end":{"line":95,"column":90}},"52":{"start":{"line":98,"column":2},"end":{"line":98,"column":28}},"53":{"start":{"line":101,"column":26},"end":{"line":128,"column":1}},"54":{"start":{"line":102,"column":2},"end":{"line":106,"column":3}},"55":{"start":{"line":103,"column":18},"end":{"line":103,"column":66}},"56":{"start":{"line":104,"column":4},"end":{"line":104,"column":23}},"57":{"start":{"line":105,"column":4},"end":{"line":105,"column":16}},"58":{"start":{"line":108,"column":30},"end":{"line":108,"column":70}},"59":{"start":{"line":109,"column":2},"end":{"line":111,"column":3}},"60":{"start":{"line":110,"column":4},"end":{"line":110,"column":17}},"61":{"start":{"line":113,"column":18},"end":{"line":113,"column":56}},"62":{"start":{"line":114,"column":2},"end":{"line":116,"column":3}},"63":{"start":{"line":115,"column":4},"end":{"line":115,"column":17}},"64":{"start":{"line":118,"column":2},"end":{"line":125,"column":3}},"65":{"start":{"line":119,"column":4},"end":{"line":122,"column":7}},"66":{"start":{"line":124,"column":4},"end":{"line":124,"column":92}},"67":{"start":{"line":127,"column":2},"end":{"line":127,"column":14}},"68":{"start":{"line":130,"column":25},"end":{"line":163,"column":1}},"69":{"start":{"line":131,"column":2},"end":{"line":135,"column":3}},"70":{"start":{"line":132,"column":18},"end":{"line":132,"column":66}},"71":{"start":{"line":133,"column":4},"end":{"line":133,"column":23}},"72":{"start":{"line":134,"column":4},"end":{"line":134,"column":16}},"73":{"start":{"line":137,"column":22},"end":{"line":137,"column":62}},"74":{"start":{"line":138,"column":2},"end":{"line":140,"column":3}},"75":{"start":{"line":139,"column":4},"end":{"line":139,"column":16}},"76":{"start":{"line":142,"column":2},"end":{"line":146,"column":3}},"77":{"start":{"line":143,"column":18},"end":{"line":143,"column":76}},"78":{"start":{"line":144,"column":4},"end":{"line":144,"column":23}},"79":{"start":{"line":145,"column":4},"end":{"line":145,"column":16}},"80":{"start":{"line":148,"column":18},"end":{"line":151,"column":4}},"81":{"start":{"line":153,"column":2},"end":{"line":160,"column":3}},"82":{"start":{"line":154,"column":4},"end":{"line":157,"column":7}},"83":{"start":{"line":159,"column":4},"end":{"line":159,"column":91}},"84":{"start":{"line":162,"column":2},"end":{"line":162,"column":17}},"85":{"start":{"line":165,"column":28},"end":{"line":215,"column":1}},"86":{"start":{"line":166,"column":2},"end":{"line":170,"column":3}},"87":{"start":{"line":167,"column":18},"end":{"line":167,"column":66}},"88":{"start":{"line":168,"column":4},"end":{"line":168,"column":23}},"89":{"start":{"line":169,"column":4},"end":{"line":169,"column":16}},"90":{"start":{"line":172,"column":22},"end":{"line":172,"column":62}},"91":{"start":{"line":173,"column":2},"end":{"line":175,"column":3}},"92":{"start":{"line":174,"column":4},"end":{"line":174,"column":16}},"93":{"start":{"line":177,"column":2},"end":{"line":181,"column":3}},"94":{"start":{"line":178,"column":18},"end":{"line":178,"column":60}},"95":{"start":{"line":179,"column":4},"end":{"line":179,"column":23}},"96":{"start":{"line":180,"column":4},"end":{"line":180,"column":16}},"97":{"start":{"line":183,"column":18},"end":{"line":183,"column":74}},"98":{"start":{"line":184,"column":2},"end":{"line":188,"column":3}},"99":{"start":{"line":185,"column":18},"end":{"line":185,"column":59}},"100":{"start":{"line":186,"column":4},"end":{"line":186,"column":23}},"101":{"start":{"line":187,"column":4},"end":{"line":187,"column":16}},"102":{"start":{"line":190,"column":20},"end":{"line":190,"column":51}},"103":{"start":{"line":191,"column":2},"end":{"line":195,"column":3}},"104":{"start":{"line":192,"column":18},"end":{"line":192,"column":62}},"105":{"start":{"line":193,"column":4},"end":{"line":193,"column":23}},"106":{"start":{"line":194,"column":4},"end":{"line":194,"column":16}},"107":{"start":{"line":197,"column":15},"end":{"line":197,"column":75}},"108":{"start":{"line":199,"column":18},"end":{"line":203,"column":4}},"109":{"start":{"line":205,"column":2},"end":{"line":212,"column":3}},"110":{"start":{"line":206,"column":4},"end":{"line":209,"column":7}},"111":{"start":{"line":211,"column":4},"end":{"line":211,"column":91}},"112":{"start":{"line":214,"column":2},"end":{"line":214,"column":17}},"113":{"start":{"line":217,"column":0},"end":{"line":226,"column":2}}},"fnMap":{"0":{"name":"(anonymous_0)","decl":{"start":{"line":5,"column":15},"end":{"line":5,"column":16}},"loc":{"start":{"line":5,"column":26},"end":{"line":5,"column":114}},"line":5},"1":{"name":"(anonymous_1)","decl":{"start":{"line":7,"column":29},"end":{"line":7,"column":30}},"loc":{"start":{"line":7,"column":47},"end":{"line":17,"column":1}},"line":7},"2":{"name":"(anonymous_2)","decl":{"start":{"line":19,"column":25},"end":{"line":19,"column":26}},"loc":{"start":{"line":20,"column":2},"end":{"line":20,"column":71}},"line":20},"3":{"name":"(anonymous_3)","decl":{"start":{"line":22,"column":27},"end":{"line":22,"column":28}},"loc":{"start":{"line":22,"column":41},"end":{"line":29,"column":1}},"line":22},"4":{"name":"(anonymous_4)","decl":{"start":{"line":31,"column":33},"end":{"line":31,"column":34}},"loc":{"start":{"line":31,"column":54},"end":{"line":38,"column":1}},"line":31},"5":{"name":"(anonymous_5)","decl":{"start":{"line":40,"column":26},"end":{"line":40,"column":27}},"loc":{"start":{"line":40,"column":45},"end":{"line":69,"column":1}},"line":40},"6":{"name":"(anonymous_6)","decl":{"start":{"line":71,"column":26},"end":{"line":71,"column":27}},"loc":{"start":{"line":71,"column":49},"end":{"line":99,"column":1}},"line":71},"7":{"name":"(anonymous_7)","decl":{"start":{"line":101,"column":26},"end":{"line":101,"column":27}},"loc":{"start":{"line":101,"column":40},"end":{"line":128,"column":1}},"line":101},"8":{"name":"(anonymous_8)","decl":{"start":{"line":130,"column":25},"end":{"line":130,"column":26}},"loc":{"start":{"line":130,"column":39},"end":{"line":163,"column":1}},"line":130},"9":{"name":"(anonymous_9)","decl":{"start":{"line":165,"column":28},"end":{"line":165,"column":29}},"loc":{"start":{"line":165,"column":56},"end":{"line":215,"column":1}},"line":165}},"branchMap":{"0":{"loc":{"start":{"line":11,"column":15},"end":{"line":11,"column":70}},"type":"cond-expr","locations":[{"start":{"line":11,"column":37},"end":{"line":11,"column":63}},{"start":{"line":11,"column":66},"end":{"line":11,"column":70}}],"line":11},"1":{"loc":{"start":{"line":16,"column":10},"end":{"line":16,"column":38}},"type":"binary-expr","locations":[{"start":{"line":16,"column":10},"end":{"line":16,"column":24}},{"start":{"line":16,"column":28},"end":{"line":16,"column":38}}],"line":16},"2":{"loc":{"start":{"line":19,"column":26},"end":{"line":19,"column":69}},"type":"default-arg","locations":[{"start":{"line":19,"column":67},"end":{"line":19,"column":69}}],"line":19},"3":{"loc":{"start":{"line":23,"column":2},"end":{"line":27,"column":3}},"type":"if","locations":[{"start":{"line":23,"column":2},"end":{"line":27,"column":3}},{"start":{},"end":{}}],"line":23},"4":{"loc":{"start":{"line":32,"column":2},"end":{"line":36,"column":3}},"type":"if","locations":[{"start":{"line":32,"column":2},"end":{"line":36,"column":3}},{"start":{},"end":{}}],"line":32},"5":{"loc":{"start":{"line":41,"column":22},"end":{"line":41,"column":77}},"type":"cond-expr","locations":[{"start":{"line":41,"column":55},"end":{"line":41,"column":72}},{"start":{"line":41,"column":75},"end":{"line":41,"column":77}}],"line":41},"6":{"loc":{"start":{"line":42,"column":13},"end":{"line":42,"column":40}},"type":"binary-expr","locations":[{"start":{"line":42,"column":13},"end":{"line":42,"column":24}},{"start":{"line":42,"column":28},"end":{"line":42,"column":40}}],"line":42},"7":{"loc":{"start":{"line":44,"column":2},"end":{"line":48,"column":3}},"type":"if","locations":[{"start":{"line":44,"column":2},"end":{"line":48,"column":3}},{"start":{},"end":{}}],"line":44},"8":{"loc":{"start":{"line":50,"column":2},"end":{"line":54,"column":3}},"type":"if","locations":[{"start":{"line":50,"column":2},"end":{"line":54,"column":3}},{"start":{},"end":{}}],"line":50},"9":{"loc":{"start":{"line":72,"column":2},"end":{"line":76,"column":3}},"type":"if","locations":[{"start":{"line":72,"column":2},"end":{"line":76,"column":3}},{"start":{},"end":{}}],"line":72},"10":{"loc":{"start":{"line":78,"column":2},"end":{"line":80,"column":3}},"type":"if","locations":[{"start":{"line":78,"column":2},"end":{"line":80,"column":3}},{"start":{},"end":{}}],"line":78},"11":{"loc":{"start":{"line":85,"column":2},"end":{"line":87,"column":3}},"type":"if","locations":[{"start":{"line":85,"column":2},"end":{"line":87,"column":3}},{"start":{},"end":{}}],"line":85},"12":{"loc":{"start":{"line":102,"column":2},"end":{"line":106,"column":3}},"type":"if","locations":[{"start":{"line":102,"column":2},"end":{"line":106,"column":3}},{"start":{},"end":{}}],"line":102},"13":{"loc":{"start":{"line":109,"column":2},"end":{"line":111,"column":3}},"type":"if","locations":[{"start":{"line":109,"column":2},"end":{"line":111,"column":3}},{"start":{},"end":{}}],"line":109},"14":{"loc":{"start":{"line":114,"column":2},"end":{"line":116,"column":3}},"type":"if","locations":[{"start":{"line":114,"column":2},"end":{"line":116,"column":3}},{"start":{},"end":{}}],"line":114},"15":{"loc":{"start":{"line":131,"column":2},"end":{"line":135,"column":3}},"type":"if","locations":[{"start":{"line":131,"column":2},"end":{"line":135,"column":3}},{"start":{},"end":{}}],"line":131},"16":{"loc":{"start":{"line":138,"column":2},"end":{"line":140,"column":3}},"type":"if","locations":[{"start":{"line":138,"column":2},"end":{"line":140,"column":3}},{"start":{},"end":{}}],"line":138},"17":{"loc":{"start":{"line":142,"column":2},"end":{"line":146,"column":3}},"type":"if","locations":[{"start":{"line":142,"column":2},"end":{"line":146,"column":3}},{"start":{},"end":{}}],"line":142},"18":{"loc":{"start":{"line":165,"column":39},"end":{"line":165,"column":51}},"type":"default-arg","locations":[{"start":{"line":165,"column":49},"end":{"line":165,"column":51}}],"line":165},"19":{"loc":{"start":{"line":166,"column":2},"end":{"line":170,"column":3}},"type":"if","locations":[{"start":{"line":166,"column":2},"end":{"line":170,"column":3}},{"start":{},"end":{}}],"line":166},"20":{"loc":{"start":{"line":173,"column":2},"end":{"line":175,"column":3}},"type":"if","locations":[{"start":{"line":173,"column":2},"end":{"line":175,"column":3}},{"start":{},"end":{}}],"line":173},"21":{"loc":{"start":{"line":177,"column":2},"end":{"line":181,"column":3}},"type":"if","locations":[{"start":{"line":177,"column":2},"end":{"line":181,"column":3}},{"start":{},"end":{}}],"line":177},"22":{"loc":{"start":{"line":177,"column":6},"end":{"line":177,"column":73}},"type":"binary-expr","locations":[{"start":{"line":177,"column":6},"end":{"line":177,"column":38}},{"start":{"line":177,"column":42},"end":{"line":177,"column":73}}],"line":177},"23":{"loc":{"start":{"line":183,"column":18},"end":{"line":183,"column":74}},"type":"cond-expr","locations":[{"start":{"line":183,"column":36},"end":{"line":183,"column":61}},{"start":{"line":183,"column":64},"end":{"line":183,"column":74}}],"line":183},"24":{"loc":{"start":{"line":184,"column":2},"end":{"line":188,"column":3}},"type":"if","locations":[{"start":{"line":184,"column":2},"end":{"line":188,"column":3}},{"start":{},"end":{}}],"line":184},"25":{"loc":{"start":{"line":191,"column":2},"end":{"line":195,"column":3}},"type":"if","locations":[{"start":{"line":191,"column":2},"end":{"line":195,"column":3}},{"start":{},"end":{}}],"line":191},"26":{"loc":{"start":{"line":197,"column":15},"end":{"line":197,"column":75}},"type":"cond-expr","locations":[{"start":{"line":197,"column":44},"end":{"line":197,"column":56}},{"start":{"line":197,"column":59},"end":{"line":197,"column":75}}],"line":197}},"s":{"0":1,"1":1,"2":1,"3":1,"4":11,"5":1,"6":1,"7":1,"8":0,"9":1,"10":2,"11":1,"12":1,"13":1,"14":1,"15":1,"16":0,"17":0,"18":0,"19":0,"20":0,"21":1,"22":2,"23":2,"24":2,"25":1,"26":1,"27":1,"28":1,"29":0,"30":0,"31":0,"32":1,"33":1,"34":1,"35":1,"36":0,"37":1,"38":1,"39":1,"40":0,"41":0,"42":0,"43":1,"44":1,"45":0,"46":0,"47":0,"48":0,"49":0,"50":0,"51":0,"52":0,"53":1,"54":1,"55":0,"56":0,"57":0,"58":1,"59":1,"60":1,"61":0,"62":0,"63":0,"64":0,"65":0,"66":0,"67":0,"68":1,"69":2,"70":2,"71":2,"72":2,"73":0,"74":0,"75":0,"76":0,"77":0,"78":0,"79":0,"80":0,"81":0,"82":0,"83":0,"84":0,"85":1,"86":3,"87":3,"88":3,"89":3,"90":0,"91":0,"92":0,"93":0,"94":0,"95":0,"96":0,"97":0,"98":0,"99":0,"100":0,"101":0,"102":0,"103":0,"104":0,"105":0,"106":0,"107":0,"108":0,"109":0,"110":0,"111":0,"112":0,"113":1},"f":{"0":11,"1":1,"2":0,"3":2,"4":0,"5":2,"6":1,"7":1,"8":2,"9":3},"b":{"0":[0,1],"1":[1,1],"2":[0],"3":[1,1],"4":[0,0],"5":[1,1],"6":[2,1],"7":[1,1],"8":[0,1],"9":[0,1],"10":[1,0],"11":[0,0],"12":[0,1],"13":[1,0],"14":[0,0],"15":[2,0],"16":[0,0],"17":[0,0],"18":[1],"19":[3,0],"20":[0,0],"21":[0,0],"22":[0,0],"23":[0,0],"24":[0,0],"25":[0,0],"26":[0,0]},"_coverageSchema":"1a1c01bbd47fc00a2c39e90264f33305004495a9","hash":"3d529d08e215fc4d8c1bf7757ebe610ff45c6873"}
}
