TN:
SF:src\services\maintenanceService.js
FN:4,(anonymous_0)
FN:7,(anonymous_1)
FN:16,(anonymous_2)
FN:18,(anonymous_3)
FN:20,(anonymous_4)
FN:40,(anonymous_5)
FN:55,(anonymous_6)
FNF:7
FNH:7
FNDA:11,(anonymous_0)
FNDA:4,(anonymous_1)
FNDA:2,(anonymous_2)
FNDA:2,(anonymous_3)
FNDA:5,(anonymous_4)
FNDA:3,(anonymous_5)
FNDA:3,(anonymous_6)
DA:1,1
DA:2,1
DA:4,1
DA:5,11
DA:7,4
DA:16,2
DA:18,2
DA:20,1
DA:21,5
DA:22,5
DA:24,5
DA:25,1
DA:26,1
DA:27,1
DA:30,4
DA:31,1
DA:32,1
DA:33,1
DA:36,3
DA:37,3
DA:40,1
DA:41,3
DA:42,1
DA:43,1
DA:44,1
DA:47,2
DA:48,1
DA:51,1
DA:52,1
DA:55,1
DA:56,3
DA:57,1
DA:58,1
DA:59,1
DA:62,2
DA:65,1
LF:36
LH:36
BRDA:21,0,0,3
BRDA:21,0,1,2
BRDA:22,1,0,5
BRDA:22,1,1,2
BRDA:24,2,0,1
BRDA:24,2,1,4
BRDA:30,3,0,1
BRDA:30,3,1,3
BRDA:41,4,0,1
BRDA:41,4,1,2
BRDA:47,5,0,1
BRDA:47,5,1,1
BRDA:56,6,0,1
BRDA:56,6,1,2
BRF:14
BRH:14
end_of_record
